  Camera.cpp
  Decomposition.cpp
D:\STANKIN\4semestr\КГ\LAB3\KG_LAB3\KGlab\Decomposition.cpp(1,1): warning C4828: Файл содержит знак, начинающийся со смещения 0xd9, который является недопустимым в текущей исходной кодировке (кодовая страница 65001).
D:\STANKIN\4semestr\КГ\LAB3\KG_LAB3\KGlab\Decomposition.cpp(1,1): warning C4828: Файл содержит знак, начинающийся со смещения 0xdc, который является недопустимым в текущей исходной кодировке (кодовая страница 65001).
D:\STANKIN\4semestr\КГ\LAB3\KG_LAB3\KGlab\Decomposition.cpp(1,1): warning C4828: Файл содержит знак, начинающийся со смещения 0xe0, который является недопустимым в текущей исходной кодировке (кодовая страница 65001).
D:\STANKIN\4semestr\КГ\LAB3\KG_LAB3\KGlab\Decomposition.cpp(1,1): warning C4828: Файл содержит знак, начинающийся со смещения 0x155, который является недопустимым в текущей исходной кодировке (кодовая страница 65001).
D:\STANKIN\4semestr\КГ\LAB3\KG_LAB3\KGlab\Decomposition.cpp(1,1): warning C4828: Файл содержит знак, начинающийся со смещения 0x158, который является недопустимым в текущей исходной кодировке (кодовая страница 65001).
D:\STANKIN\4semestr\КГ\LAB3\KG_LAB3\KGlab\Decomposition.cpp(1,1): warning C4828: Файл содержит знак, начинающийся со смещения 0x15c, который является недопустимым в текущей исходной кодировке (кодовая страница 65001).
D:\STANKIN\4semestr\КГ\LAB3\KG_LAB3\KGlab\Decomposition.cpp(1,1): warning C4828: Файл содержит знак, начинающийся со смещения 0x15f, который является недопустимым в текущей исходной кодировке (кодовая страница 65001).
D:\STANKIN\4semestr\КГ\LAB3\KG_LAB3\KGlab\Decomposition.cpp(1,1): warning C4828: Файл содержит знак, начинающийся со смещения 0x162, который является недопустимым в текущей исходной кодировке (кодовая страница 65001).
D:\STANKIN\4semestr\КГ\LAB3\KG_LAB3\KGlab\Decomposition.cpp(1,1): warning C4828: Файл содержит знак, начинающийся со смещения 0x165, который является недопустимым в текущей исходной кодировке (кодовая страница 65001).
D:\STANKIN\4semestr\КГ\LAB3\KG_LAB3\KGlab\Decomposition.cpp(1,1): warning C4828: Файл содержит знак, начинающийся со смещения 0x168, который является недопустимым в текущей исходной кодировке (кодовая страница 65001).
D:\STANKIN\4semestr\КГ\LAB3\KG_LAB3\KGlab\Decomposition.cpp(1,1): warning C4828: Файл содержит знак, начинающийся со смещения 0x16b, который является недопустимым в текущей исходной кодировке (кодовая страница 65001).
D:\STANKIN\4semestr\КГ\LAB3\KG_LAB3\KGlab\Decomposition.cpp(1,1): warning C4828: Файл содержит знак, начинающийся со смещения 0x16e, который является недопустимым в текущей исходной кодировке (кодовая страница 65001).
D:\STANKIN\4semestr\КГ\LAB3\KG_LAB3\KGlab\Decomposition.cpp(1,1): warning C4828: Файл содержит знак, начинающийся со смещения 0x172, который является недопустимым в текущей исходной кодировке (кодовая страница 65001).
D:\STANKIN\4semestr\КГ\LAB3\KG_LAB3\KGlab\Decomposition.cpp(1,1): warning C4828: Файл содержит знак, начинающийся со смещения 0x176, который является недопустимым в текущей исходной кодировке (кодовая страница 65001).
D:\STANKIN\4semestr\КГ\LAB3\KG_LAB3\KGlab\Decomposition.cpp(1,1): warning C4828: Файл содержит знак, начинающийся со смещения 0x179, который является недопустимым в текущей исходной кодировке (кодовая страница 65001).
D:\STANKIN\4semestr\КГ\LAB3\KG_LAB3\KGlab\Decomposition.cpp(1,1): warning C4828: Файл содержит знак, начинающийся со смещения 0x1bb, который является недопустимым в текущей исходной кодировке (кодовая страница 65001).
D:\STANKIN\4semestr\КГ\LAB3\KG_LAB3\KGlab\Decomposition.cpp(1,1): warning C4828: Файл содержит знак, начинающийся со смещения 0x1bf, который является недопустимым в текущей исходной кодировке (кодовая страница 65001).
D:\STANKIN\4semestr\КГ\LAB3\KG_LAB3\KGlab\Decomposition.cpp(1,1): warning C4828: Файл содержит знак, начинающийся со смещения 0x1c3, который является недопустимым в текущей исходной кодировке (кодовая страница 65001).
D:\STANKIN\4semestr\КГ\LAB3\KG_LAB3\KGlab\Decomposition.cpp(1,1): warning C4828: Файл содержит знак, начинающийся со смещения 0x1c6, который является недопустимым в текущей исходной кодировке (кодовая страница 65001).
D:\STANKIN\4semestr\КГ\LAB3\KG_LAB3\KGlab\Decomposition.cpp(1,1): warning C4828: Файл содержит знак, начинающийся со смещения 0x1c9, который является недопустимым в текущей исходной кодировке (кодовая страница 65001).
D:\STANKIN\4semestr\КГ\LAB3\KG_LAB3\KGlab\Decomposition.cpp(1,1): warning C4828: Файл содержит знак, начинающийся со смещения 0x1cd, который является недопустимым в текущей исходной кодировке (кодовая страница 65001).
D:\STANKIN\4semestr\КГ\LAB3\KG_LAB3\KGlab\Decomposition.cpp(1,1): warning C4828: Файл содержит знак, начинающийся со смещения 0x1d0, который является недопустимым в текущей исходной кодировке (кодовая страница 65001).
D:\STANKIN\4semestr\КГ\LAB3\KG_LAB3\KGlab\Decomposition.cpp(1,1): warning C4828: Файл содержит знак, начинающийся со смещения 0x1d4, который является недопустимым в текущей исходной кодировке (кодовая страница 65001).
D:\STANKIN\4semestr\КГ\LAB3\KG_LAB3\KGlab\Decomposition.cpp(1,1): warning C4828: Файл содержит знак, начинающийся со смещения 0x1d5, который является недопустимым в текущей исходной кодировке (кодовая страница 65001).
D:\STANKIN\4semestr\КГ\LAB3\KG_LAB3\KGlab\Decomposition.cpp(1,1): warning C4828: Файл содержит знак, начинающийся со смещения 0x1d9, который является недопустимым в текущей исходной кодировке (кодовая страница 65001).
D:\STANKIN\4semestr\КГ\LAB3\KG_LAB3\KGlab\Decomposition.cpp(1,1): warning C4828: Файл содержит знак, начинающийся со смещения 0x1dd, который является недопустимым в текущей исходной кодировке (кодовая страница 65001).
D:\STANKIN\4semestr\КГ\LAB3\KG_LAB3\KGlab\Decomposition.cpp(1,1): warning C4828: Файл содержит знак, начинающийся со смещения 0x253, который является недопустимым в текущей исходной кодировке (кодовая страница 65001).
D:\STANKIN\4semestr\КГ\LAB3\KG_LAB3\KGlab\Decomposition.cpp(1,1): warning C4828: Файл содержит знак, начинающийся со смещения 0x256, который является недопустимым в текущей исходной кодировке (кодовая страница 65001).
D:\STANKIN\4semestr\КГ\LAB3\KG_LAB3\KGlab\Decomposition.cpp(1,1): warning C4828: Файл содержит знак, начинающийся со смещения 0x259, который является недопустимым в текущей исходной кодировке (кодовая страница 65001).
D:\STANKIN\4semestr\КГ\LAB3\KG_LAB3\KGlab\Decomposition.cpp(1,1): warning C4828: Файл содержит знак, начинающийся со смещения 0x25a, который является недопустимым в текущей исходной кодировке (кодовая страница 65001).
D:\STANKIN\4semestr\КГ\LAB3\KG_LAB3\KGlab\Decomposition.cpp(1,1): warning C4828: Файл содержит знак, начинающийся со смещения 0x25d, который является недопустимым в текущей исходной кодировке (кодовая страница 65001).
D:\STANKIN\4semestr\КГ\LAB3\KG_LAB3\KGlab\Decomposition.cpp(1,1): warning C4828: Файл содержит знак, начинающийся со смещения 0x261, который является недопустимым в текущей исходной кодировке (кодовая страница 65001).
D:\STANKIN\4semestr\КГ\LAB3\KG_LAB3\KGlab\Decomposition.cpp(1,1): warning C4828: Файл содержит знак, начинающийся со смещения 0x2b6, который является недопустимым в текущей исходной кодировке (кодовая страница 65001).
D:\STANKIN\4semestr\КГ\LAB3\KG_LAB3\KGlab\Decomposition.cpp(1,1): warning C4828: Файл содержит знак, начинающийся со смещения 0x2b9, который является недопустимым в текущей исходной кодировке (кодовая страница 65001).
D:\STANKIN\4semestr\КГ\LAB3\KG_LAB3\KGlab\Decomposition.cpp(1,1): warning C4828: Файл содержит знак, начинающийся со смещения 0x2dc, который является недопустимым в текущей исходной кодировке (кодовая страница 65001).
D:\STANKIN\4semestr\КГ\LAB3\KG_LAB3\KGlab\Decomposition.cpp(1,1): warning C4828: Файл содержит знак, начинающийся со смещения 0x2df, который является недопустимым в текущей исходной кодировке (кодовая страница 65001).
D:\STANKIN\4semestr\КГ\LAB3\KG_LAB3\KGlab\Decomposition.cpp(1,1): warning C4828: Файл содержит знак, начинающийся со смещения 0x2e2, который является недопустимым в текущей исходной кодировке (кодовая страница 65001).
D:\STANKIN\4semestr\КГ\LAB3\KG_LAB3\KGlab\Decomposition.cpp(1,1): warning C4828: Файл содержит знак, начинающийся со смещения 0x2e3, который является недопустимым в текущей исходной кодировке (кодовая страница 65001).
D:\STANKIN\4semestr\КГ\LAB3\KG_LAB3\KGlab\Decomposition.cpp(1,1): warning C4828: Файл содержит знак, начинающийся со смещения 0x2e6, который является недопустимым в текущей исходной кодировке (кодовая страница 65001).
D:\STANKIN\4semestr\КГ\LAB3\KG_LAB3\KGlab\Decomposition.cpp(1,1): warning C4828: Файл содержит знак, начинающийся со смещения 0x2e9, который является недопустимым в текущей исходной кодировке (кодовая страница 65001).
D:\STANKIN\4semestr\КГ\LAB3\KG_LAB3\KGlab\Decomposition.cpp(1,1): warning C4828: Файл содержит знак, начинающийся со смещения 0x2ec, который является недопустимым в текущей исходной кодировке (кодовая страница 65001).
D:\STANKIN\4semestr\КГ\LAB3\KG_LAB3\KGlab\Decomposition.cpp(1,1): warning C4828: Файл содержит знак, начинающийся со смещения 0x2f0, который является недопустимым в текущей исходной кодировке (кодовая страница 65001).
D:\STANKIN\4semestr\КГ\LAB3\KG_LAB3\KGlab\Decomposition.cpp(1,1): warning C4828: Файл содержит знак, начинающийся со смещения 0x2f4, который является недопустимым в текущей исходной кодировке (кодовая страница 65001).
D:\STANKIN\4semestr\КГ\LAB3\KG_LAB3\KGlab\Decomposition.cpp(1,1): warning C4828: Файл содержит знак, начинающийся со смещения 0x339, который является недопустимым в текущей исходной кодировке (кодовая страница 65001).
D:\STANKIN\4semestr\КГ\LAB3\KG_LAB3\KGlab\Decomposition.cpp(1,1): warning C4828: Файл содержит знак, начинающийся со смещения 0x33c, который является недопустимым в текущей исходной кодировке (кодовая страница 65001).
D:\STANKIN\4semestr\КГ\LAB3\KG_LAB3\KGlab\Decomposition.cpp(1,1): warning C4828: Файл содержит знак, начинающийся со смещения 0x340, который является недопустимым в текущей исходной кодировке (кодовая страница 65001).
D:\STANKIN\4semestr\КГ\LAB3\KG_LAB3\KGlab\Decomposition.cpp(1,1): warning C4828: Файл содержит знак, начинающийся со смещения 0x343, который является недопустимым в текущей исходной кодировке (кодовая страница 65001).
D:\STANKIN\4semestr\КГ\LAB3\KG_LAB3\KGlab\Decomposition.cpp(1,1): warning C4828: Файл содержит знак, начинающийся со смещения 0x347, который является недопустимым в текущей исходной кодировке (кодовая страница 65001).
D:\STANKIN\4semestr\КГ\LAB3\KG_LAB3\KGlab\Decomposition.cpp(1,1): warning C4828: Файл содержит знак, начинающийся со смещения 0x34b, который является недопустимым в текущей исходной кодировке (кодовая страница 65001).
D:\STANKIN\4semestr\КГ\LAB3\KG_LAB3\KGlab\Decomposition.cpp(1,1): warning C4828: Файл содержит знак, начинающийся со смещения 0x34e, который является недопустимым в текущей исходной кодировке (кодовая страница 65001).
D:\STANKIN\4semestr\КГ\LAB3\KG_LAB3\KGlab\Decomposition.cpp(1,1): warning C4828: Файл содержит знак, начинающийся со смещения 0x352, который является недопустимым в текущей исходной кодировке (кодовая страница 65001).
D:\STANKIN\4semestr\КГ\LAB3\KG_LAB3\KGlab\Decomposition.cpp(1,1): warning C4828: Файл содержит знак, начинающийся со смещения 0x355, который является недопустимым в текущей исходной кодировке (кодовая страница 65001).
D:\STANKIN\4semestr\КГ\LAB3\KG_LAB3\KGlab\Decomposition.cpp(1,1): warning C4828: Файл содержит знак, начинающийся со смещения 0x35b, который является недопустимым в текущей исходной кодировке (кодовая страница 65001).
D:\STANKIN\4semestr\КГ\LAB3\KG_LAB3\KGlab\Decomposition.cpp(1,1): warning C4828: Файл содержит знак, начинающийся со смещения 0x360, который является недопустимым в текущей исходной кодировке (кодовая страница 65001).
D:\STANKIN\4semestr\КГ\LAB3\KG_LAB3\KGlab\Decomposition.cpp(1,1): warning C4828: Файл содержит знак, начинающийся со смещения 0x363, который является недопустимым в текущей исходной кодировке (кодовая страница 65001).
D:\STANKIN\4semestr\КГ\LAB3\KG_LAB3\KGlab\Decomposition.cpp(1,1): warning C4828: Файл содержит знак, начинающийся со смещения 0x367, который является недопустимым в текущей исходной кодировке (кодовая страница 65001).
D:\STANKIN\4semestr\КГ\LAB3\KG_LAB3\KGlab\Decomposition.cpp(1,1): warning C4828: Файл содержит знак, начинающийся со смещения 0x368, который является недопустимым в текущей исходной кодировке (кодовая страница 65001).
D:\STANKIN\4semestr\КГ\LAB3\KG_LAB3\KGlab\Decomposition.cpp(1,1): warning C4828: Файл содержит знак, начинающийся со смещения 0x36c, который является недопустимым в текущей исходной кодировке (кодовая страница 65001).
D:\STANKIN\4semestr\КГ\LAB3\KG_LAB3\KGlab\Decomposition.cpp(1,1): warning C4828: Файл содержит знак, начинающийся со смещения 0x370, который является недопустимым в текущей исходной кодировке (кодовая страница 65001).
D:\STANKIN\4semestr\КГ\LAB3\KG_LAB3\KGlab\Decomposition.cpp(1,1): warning C4828: Файл содержит знак, начинающийся со смещения 0x3c7, который является недопустимым в текущей исходной кодировке (кодовая страница 65001).
D:\STANKIN\4semestr\КГ\LAB3\KG_LAB3\KGlab\Decomposition.cpp(1,1): warning C4828: Файл содержит знак, начинающийся со смещения 0x3cc, который является недопустимым в текущей исходной кодировке (кодовая страница 65001).
D:\STANKIN\4semestr\КГ\LAB3\KG_LAB3\KGlab\Decomposition.cpp(1,1): warning C4828: Файл содержит знак, начинающийся со смещения 0x3cf, который является недопустимым в текущей исходной кодировке (кодовая страница 65001).
D:\STANKIN\4semestr\КГ\LAB3\KG_LAB3\KGlab\Decomposition.cpp(1,1): warning C4828: Файл содержит знак, начинающийся со смещения 0x3d2, который является недопустимым в текущей исходной кодировке (кодовая страница 65001).
D:\STANKIN\4semestr\КГ\LAB3\KG_LAB3\KGlab\Decomposition.cpp(1,1): warning C4828: Файл содержит знак, начинающийся со смещения 0x3d5, который является недопустимым в текущей исходной кодировке (кодовая страница 65001).
D:\STANKIN\4semestr\КГ\LAB3\KG_LAB3\KGlab\Decomposition.cpp(1,1): warning C4828: Файл содержит знак, начинающийся со смещения 0x3d8, который является недопустимым в текущей исходной кодировке (кодовая страница 65001).
D:\STANKIN\4semestr\КГ\LAB3\KG_LAB3\KGlab\Decomposition.cpp(1,1): warning C4828: Файл содержит знак, начинающийся со смещения 0x3db, который является недопустимым в текущей исходной кодировке (кодовая страница 65001).
D:\STANKIN\4semestr\КГ\LAB3\KG_LAB3\KGlab\Decomposition.cpp(1,1): warning C4828: Файл содержит знак, начинающийся со смещения 0x3de, который является недопустимым в текущей исходной кодировке (кодовая страница 65001).
D:\STANKIN\4semestr\КГ\LAB3\KG_LAB3\KGlab\Decomposition.cpp(1,1): warning C4828: Файл содержит знак, начинающийся со смещения 0x40c, который является недопустимым в текущей исходной кодировке (кодовая страница 65001).
D:\STANKIN\4semestr\КГ\LAB3\KG_LAB3\KGlab\Decomposition.cpp(1,1): warning C4828: Файл содержит знак, начинающийся со смещения 0x40f, который является недопустимым в текущей исходной кодировке (кодовая страница 65001).
D:\STANKIN\4semestr\КГ\LAB3\KG_LAB3\KGlab\Decomposition.cpp(1,1): warning C4828: Файл содержит знак, начинающийся со смещения 0x412, который является недопустимым в текущей исходной кодировке (кодовая страница 65001).
D:\STANKIN\4semestr\КГ\LAB3\KG_LAB3\KGlab\Decomposition.cpp(1,1): warning C4828: Файл содержит знак, начинающийся со смещения 0x416, который является недопустимым в текущей исходной кодировке (кодовая страница 65001).
D:\STANKIN\4semestr\КГ\LAB3\KG_LAB3\KGlab\Decomposition.cpp(1,1): warning C4828: Файл содержит знак, начинающийся со смещения 0x419, который является недопустимым в текущей исходной кодировке (кодовая страница 65001).
D:\STANKIN\4semestr\КГ\LAB3\KG_LAB3\KGlab\Decomposition.cpp(1,1): warning C4828: Файл содержит знак, начинающийся со смещения 0x41c, который является недопустимым в текущей исходной кодировке (кодовая страница 65001).
D:\STANKIN\4semestr\КГ\LAB3\KG_LAB3\KGlab\Decomposition.cpp(1,1): warning C4828: Файл содержит знак, начинающийся со смещения 0x41f, который является недопустимым в текущей исходной кодировке (кодовая страница 65001).
D:\STANKIN\4semestr\КГ\LAB3\KG_LAB3\KGlab\Decomposition.cpp(1,1): warning C4828: Файл содержит знак, начинающийся со смещения 0x422, который является недопустимым в текущей исходной кодировке (кодовая страница 65001).
D:\STANKIN\4semestr\КГ\LAB3\KG_LAB3\KGlab\Decomposition.cpp(1,1): warning C4828: Файл содержит знак, начинающийся со смещения 0x425, который является недопустимым в текущей исходной кодировке (кодовая страница 65001).
D:\STANKIN\4semestr\КГ\LAB3\KG_LAB3\KGlab\Decomposition.cpp(1,1): warning C4828: Файл содержит знак, начинающийся со смещения 0x429, который является недопустимым в текущей исходной кодировке (кодовая страница 65001).
D:\STANKIN\4semestr\КГ\LAB3\KG_LAB3\KGlab\Decomposition.cpp(1,1): warning C4828: Файл содержит знак, начинающийся со смещения 0x42c, который является недопустимым в текущей исходной кодировке (кодовая страница 65001).
D:\STANKIN\4semestr\КГ\LAB3\KG_LAB3\KGlab\Decomposition.cpp(1,1): warning C4828: Файл содержит знак, начинающийся со смещения 0x42e, который является недопустимым в текущей исходной кодировке (кодовая страница 65001).
D:\STANKIN\4semestr\КГ\LAB3\KG_LAB3\KGlab\Decomposition.cpp(1,1): warning C4828: Файл содержит знак, начинающийся со смещения 0x432, который является недопустимым в текущей исходной кодировке (кодовая страница 65001).
D:\STANKIN\4semestr\КГ\LAB3\KG_LAB3\KGlab\Decomposition.cpp(1,1): warning C4828: Файл содержит знак, начинающийся со смещения 0x433, который является недопустимым в текущей исходной кодировке (кодовая страница 65001).
D:\STANKIN\4semestr\КГ\LAB3\KG_LAB3\KGlab\Decomposition.cpp(1,1): warning C4828: Файл содержит знак, начинающийся со смещения 0x436, который является недопустимым в текущей исходной кодировке (кодовая страница 65001).
D:\STANKIN\4semestr\КГ\LAB3\KG_LAB3\KGlab\Decomposition.cpp(1,1): warning C4828: Файл содержит знак, начинающийся со смещения 0x439, который является недопустимым в текущей исходной кодировке (кодовая страница 65001).
D:\STANKIN\4semestr\КГ\LAB3\KG_LAB3\KGlab\Decomposition.cpp(1,1): warning C4828: Файл содержит знак, начинающийся со смещения 0x43d, который является недопустимым в текущей исходной кодировке (кодовая страница 65001).
D:\STANKIN\4semestr\КГ\LAB3\KG_LAB3\KGlab\Decomposition.cpp(1,1): warning C4828: Файл содержит знак, начинающийся со смещения 0x45b, который является недопустимым в текущей исходной кодировке (кодовая страница 65001).
D:\STANKIN\4semestr\КГ\LAB3\KG_LAB3\KGlab\Decomposition.cpp(1,1): warning C4828: Файл содержит знак, начинающийся со смещения 0x45e, который является недопустимым в текущей исходной кодировке (кодовая страница 65001).
D:\STANKIN\4semestr\КГ\LAB3\KG_LAB3\KGlab\Decomposition.cpp(1,1): warning C4828: Файл содержит знак, начинающийся со смещения 0x462, который является недопустимым в текущей исходной кодировке (кодовая страница 65001).
D:\STANKIN\4semestr\КГ\LAB3\KG_LAB3\KGlab\Decomposition.cpp(1,1): warning C4828: Файл содержит знак, начинающийся со смещения 0x4bf, который является недопустимым в текущей исходной кодировке (кодовая страница 65001).
D:\STANKIN\4semestr\КГ\LAB3\KG_LAB3\KGlab\Decomposition.cpp(1,1): warning C4828: Файл содержит знак, начинающийся со смещения 0x4c2, который является недопустимым в текущей исходной кодировке (кодовая страница 65001).
D:\STANKIN\4semestr\КГ\LAB3\KG_LAB3\KGlab\Decomposition.cpp(1,1): warning C4828: Файл содержит знак, начинающийся со смещения 0x4c6, который является недопустимым в текущей исходной кодировке (кодовая страница 65001).
D:\STANKIN\4semestr\КГ\LAB3\KG_LAB3\KGlab\Decomposition.cpp(1,1): warning C4828: Файл содержит знак, начинающийся со смещения 0x4ca, который является недопустимым в текущей исходной кодировке (кодовая страница 65001).
D:\STANKIN\4semestr\КГ\LAB3\KG_LAB3\KGlab\Decomposition.cpp(1,1): warning C4828: Файл содержит знак, начинающийся со смещения 0x4ce, который является недопустимым в текущей исходной кодировке (кодовая страница 65001).
D:\STANKIN\4semestr\КГ\LAB3\KG_LAB3\KGlab\Decomposition.cpp(1,1): warning C4828: Файл содержит знак, начинающийся со смещения 0x4d2, который является недопустимым в текущей исходной кодировке (кодовая страница 65001).
D:\STANKIN\4semestr\КГ\LAB3\KG_LAB3\KGlab\Decomposition.cpp(1,1): warning C4828: Файл содержит знак, начинающийся со смещения 0x4d5, который является недопустимым в текущей исходной кодировке (кодовая страница 65001).
D:\STANKIN\4semestr\КГ\LAB3\KG_LAB3\KGlab\Decomposition.cpp(1,1): warning C4828: Файл содержит знак, начинающийся со смещения 0x4d8, который является недопустимым в текущей исходной кодировке (кодовая страница 65001).
D:\STANKIN\4semestr\КГ\LAB3\KG_LAB3\KGlab\Decomposition.cpp(1,1): warning C4828: Файл содержит знак, начинающийся со смещения 0x4db, который является недопустимым в текущей исходной кодировке (кодовая страница 65001).
D:\STANKIN\4semestr\КГ\LAB3\KG_LAB3\KGlab\Decomposition.cpp(1,1): warning C4828: Файл содержит знак, начинающийся со смещения 0x4dd, который является недопустимым в текущей исходной кодировке (кодовая страница 65001).
D:\STANKIN\4semestr\КГ\LAB3\KG_LAB3\KGlab\Decomposition.cpp(1,1): warning C4828: Файл содержит знак, начинающийся со смещения 0x4e0, который является недопустимым в текущей исходной кодировке (кодовая страница 65001).
D:\STANKIN\4semestr\КГ\LAB3\KG_LAB3\KGlab\Decomposition.cpp(1,1): warning C4828: Файл содержит знак, начинающийся со смещения 0x4e3, который является недопустимым в текущей исходной кодировке (кодовая страница 65001).
D:\STANKIN\4semestr\КГ\LAB3\KG_LAB3\KGlab\Decomposition.cpp(1,1): warning C4828: Файл содержит знак, начинающийся со смещения 0x513, который является недопустимым в текущей исходной кодировке (кодовая страница 65001).
D:\STANKIN\4semestr\КГ\LAB3\KG_LAB3\KGlab\Decomposition.cpp(1,1): warning C4828: Файл содержит знак, начинающийся со смещения 0x516, который является недопустимым в текущей исходной кодировке (кодовая страница 65001).
D:\STANKIN\4semestr\КГ\LAB3\KG_LAB3\KGlab\Decomposition.cpp(1,1): warning C4828: Файл содержит знак, начинающийся со смещения 0x51a, который является недопустимым в текущей исходной кодировке (кодовая страница 65001).
D:\STANKIN\4semestr\КГ\LAB3\KG_LAB3\KGlab\Decomposition.cpp(1,1): warning C4828: Файл содержит знак, начинающийся со смещения 0x51d, который является недопустимым в текущей исходной кодировке (кодовая страница 65001).
D:\STANKIN\4semestr\КГ\LAB3\KG_LAB3\KGlab\Decomposition.cpp(1,1): warning C4828: Файл содержит знак, начинающийся со смещения 0x520, который является недопустимым в текущей исходной кодировке (кодовая страница 65001).
D:\STANKIN\4semestr\КГ\LAB3\KG_LAB3\KGlab\Decomposition.cpp(1,1): warning C4828: Файл содержит знак, начинающийся со смещения 0x524, который является недопустимым в текущей исходной кодировке (кодовая страница 65001).
D:\STANKIN\4semestr\КГ\LAB3\KG_LAB3\KGlab\Decomposition.cpp(1,1): warning C4828: Файл содержит знак, начинающийся со смещения 0x528, который является недопустимым в текущей исходной кодировке (кодовая страница 65001).
D:\STANKIN\4semestr\КГ\LAB3\KG_LAB3\KGlab\Decomposition.cpp(1,1): warning C4828: Файл содержит знак, начинающийся со смещения 0x547, который является недопустимым в текущей исходной кодировке (кодовая страница 65001).
D:\STANKIN\4semestr\КГ\LAB3\KG_LAB3\KGlab\Decomposition.cpp(1,1): warning C4828: Файл содержит знак, начинающийся со смещения 0x54a, который является недопустимым в текущей исходной кодировке (кодовая страница 65001).
D:\STANKIN\4semestr\КГ\LAB3\KG_LAB3\KGlab\Decomposition.cpp(1,1): warning C4828: Файл содержит знак, начинающийся со смещения 0x54e, который является недопустимым в текущей исходной кодировке (кодовая страница 65001).
D:\STANKIN\4semestr\КГ\LAB3\KG_LAB3\KGlab\Decomposition.cpp(1,1): warning C4828: Файл содержит знак, начинающийся со смещения 0x551, который является недопустимым в текущей исходной кодировке (кодовая страница 65001).
D:\STANKIN\4semestr\КГ\LAB3\KG_LAB3\KGlab\Decomposition.cpp(1,1): warning C4828: Файл содержит знак, начинающийся со смещения 0x554, который является недопустимым в текущей исходной кодировке (кодовая страница 65001).
D:\STANKIN\4semestr\КГ\LAB3\KG_LAB3\KGlab\Decomposition.cpp(1,1): warning C4828: Файл содержит знак, начинающийся со смещения 0x558, который является недопустимым в текущей исходной кодировке (кодовая страница 65001).
D:\STANKIN\4semestr\КГ\LAB3\KG_LAB3\KGlab\Decomposition.cpp(1,1): warning C4828: Файл содержит знак, начинающийся со смещения 0x55c, который является недопустимым в текущей исходной кодировке (кодовая страница 65001).
D:\STANKIN\4semestr\КГ\LAB3\KG_LAB3\KGlab\Decomposition.cpp(1,1): warning C4828: Файл содержит знак, начинающийся со смещения 0x560, который является недопустимым в текущей исходной кодировке (кодовая страница 65001).
D:\STANKIN\4semestr\КГ\LAB3\KG_LAB3\KGlab\Decomposition.cpp(1,1): warning C4828: Файл содержит знак, начинающийся со смещения 0x564, который является недопустимым в текущей исходной кодировке (кодовая страница 65001).
D:\STANKIN\4semestr\КГ\LAB3\KG_LAB3\KGlab\Decomposition.cpp(1,1): warning C4828: Файл содержит знак, начинающийся со смещения 0x567, который является недопустимым в текущей исходной кодировке (кодовая страница 65001).
D:\STANKIN\4semestr\КГ\LAB3\KG_LAB3\KGlab\Decomposition.cpp(1,1): warning C4828: Файл содержит знак, начинающийся со смещения 0x593, который является недопустимым в текущей исходной кодировке (кодовая страница 65001).
D:\STANKIN\4semestr\КГ\LAB3\KG_LAB3\KGlab\Decomposition.cpp(1,1): warning C4828: Файл содержит знак, начинающийся со смещения 0x597, который является недопустимым в текущей исходной кодировке (кодовая страница 65001).
D:\STANKIN\4semestr\КГ\LAB3\KG_LAB3\KGlab\Decomposition.cpp(1,1): warning C4828: Файл содержит знак, начинающийся со смещения 0x59a, который является недопустимым в текущей исходной кодировке (кодовая страница 65001).
D:\STANKIN\4semestr\КГ\LAB3\KG_LAB3\KGlab\Decomposition.cpp(1,1): warning C4828: Файл содержит знак, начинающийся со смещения 0x59d, который является недопустимым в текущей исходной кодировке (кодовая страница 65001).
D:\STANKIN\4semestr\КГ\LAB3\KG_LAB3\KGlab\Decomposition.cpp(1,1): warning C4828: Файл содержит знак, начинающийся со смещения 0x5a0, который является недопустимым в текущей исходной кодировке (кодовая страница 65001).
D:\STANKIN\4semestr\КГ\LAB3\KG_LAB3\KGlab\Decomposition.cpp(1,1): warning C4828: Файл содержит знак, начинающийся со смещения 0x5a4, который является недопустимым в текущей исходной кодировке (кодовая страница 65001).
D:\STANKIN\4semestr\КГ\LAB3\KG_LAB3\KGlab\Decomposition.cpp(1,1): warning C4828: Файл содержит знак, начинающийся со смещения 0x5a7, который является недопустимым в текущей исходной кодировке (кодовая страница 65001).
D:\STANKIN\4semestr\КГ\LAB3\KG_LAB3\KGlab\Decomposition.cpp(1,1): warning C4828: Файл содержит знак, начинающийся со смещения 0x5aa, который является недопустимым в текущей исходной кодировке (кодовая страница 65001).
D:\STANKIN\4semestr\КГ\LAB3\KG_LAB3\KGlab\Decomposition.cpp(1,1): warning C4828: Файл содержит знак, начинающийся со смещения 0x5ad, который является недопустимым в текущей исходной кодировке (кодовая страница 65001).
D:\STANKIN\4semestr\КГ\LAB3\KG_LAB3\KGlab\Decomposition.cpp(1,1): warning C4828: Файл содержит знак, начинающийся со смещения 0x5b0, который является недопустимым в текущей исходной кодировке (кодовая страница 65001).
D:\STANKIN\4semestr\КГ\LAB3\KG_LAB3\KGlab\Decomposition.cpp(1,1): warning C4828: Файл содержит знак, начинающийся со смещения 0x5b3, который является недопустимым в текущей исходной кодировке (кодовая страница 65001).
D:\STANKIN\4semestr\КГ\LAB3\KG_LAB3\KGlab\Decomposition.cpp(1,1): warning C4828: Файл содержит знак, начинающийся со смещения 0x5b6, который является недопустимым в текущей исходной кодировке (кодовая страница 65001).
D:\STANKIN\4semestr\КГ\LAB3\KG_LAB3\KGlab\Decomposition.cpp(1,1): warning C4828: Файл содержит знак, начинающийся со смещения 0x5ba, который является недопустимым в текущей исходной кодировке (кодовая страница 65001).
D:\STANKIN\4semestr\КГ\LAB3\KG_LAB3\KGlab\Decomposition.cpp(1,1): warning C4828: Файл содержит знак, начинающийся со смещения 0x5be, который является недопустимым в текущей исходной кодировке (кодовая страница 65001).
D:\STANKIN\4semestr\КГ\LAB3\KG_LAB3\KGlab\Decomposition.cpp(1,1): warning C4828: Файл содержит знак, начинающийся со смещения 0x5c1, который является недопустимым в текущей исходной кодировке (кодовая страница 65001).
D:\STANKIN\4semestr\КГ\LAB3\KG_LAB3\KGlab\Decomposition.cpp(1,1): warning C4828: Файл содержит знак, начинающийся со смещения 0x5c2, который является недопустимым в текущей исходной кодировке (кодовая страница 65001).
D:\STANKIN\4semestr\КГ\LAB3\KG_LAB3\KGlab\Decomposition.cpp(1,1): warning C4828: Файл содержит знак, начинающийся со смещения 0x5e2, который является недопустимым в текущей исходной кодировке (кодовая страница 65001).
D:\STANKIN\4semestr\КГ\LAB3\KG_LAB3\KGlab\Decomposition.cpp(1,1): warning C4828: Файл содержит знак, начинающийся со смещения 0x5e5, который является недопустимым в текущей исходной кодировке (кодовая страница 65001).
D:\STANKIN\4semestr\КГ\LAB3\KG_LAB3\KGlab\Decomposition.cpp(1,1): warning C4828: Файл содержит знак, начинающийся со смещения 0x5e9, который является недопустимым в текущей исходной кодировке (кодовая страница 65001).
D:\STANKIN\4semestr\КГ\LAB3\KG_LAB3\KGlab\Decomposition.cpp(1,1): warning C4828: Файл содержит знак, начинающийся со смещения 0x5ec, который является недопустимым в текущей исходной кодировке (кодовая страница 65001).
D:\STANKIN\4semestr\КГ\LAB3\KG_LAB3\KGlab\Decomposition.cpp(1,1): warning C4828: Файл содержит знак, начинающийся со смещения 0x5ef, который является недопустимым в текущей исходной кодировке (кодовая страница 65001).
D:\STANKIN\4semestr\КГ\LAB3\KG_LAB3\KGlab\Decomposition.cpp(1,1): warning C4828: Файл содержит знак, начинающийся со смещения 0x5f2, который является недопустимым в текущей исходной кодировке (кодовая страница 65001).
D:\STANKIN\4semestr\КГ\LAB3\KG_LAB3\KGlab\Decomposition.cpp(1,1): warning C4828: Файл содержит знак, начинающийся со смещения 0x5f5, который является недопустимым в текущей исходной кодировке (кодовая страница 65001).
D:\STANKIN\4semestr\КГ\LAB3\KG_LAB3\KGlab\Decomposition.cpp(1,1): warning C4828: Файл содержит знак, начинающийся со смещения 0x5f8, который является недопустимым в текущей исходной кодировке (кодовая страница 65001).
D:\STANKIN\4semestr\КГ\LAB3\KG_LAB3\KGlab\Decomposition.cpp(1,1): warning C4828: Файл содержит знак, начинающийся со смещения 0x5fa, который является недопустимым в текущей исходной кодировке (кодовая страница 65001).
D:\STANKIN\4semestr\КГ\LAB3\KG_LAB3\KGlab\Decomposition.cpp(1,1): warning C4828: Файл содержит знак, начинающийся со смещения 0x5fe, который является недопустимым в текущей исходной кодировке (кодовая страница 65001).
D:\STANKIN\4semestr\КГ\LAB3\KG_LAB3\KGlab\Decomposition.cpp(1,1): warning C4828: Файл содержит знак, начинающийся со смещения 0x601, который является недопустимым в текущей исходной кодировке (кодовая страница 65001).
D:\STANKIN\4semestr\КГ\LAB3\KG_LAB3\KGlab\Decomposition.cpp(1,1): warning C4828: Файл содержит знак, начинающийся со смещения 0x604, который является недопустимым в текущей исходной кодировке (кодовая страница 65001).
D:\STANKIN\4semestr\КГ\LAB3\KG_LAB3\KGlab\Decomposition.cpp(1,1): warning C4828: Файл содержит знак, начинающийся со смещения 0x607, который является недопустимым в текущей исходной кодировке (кодовая страница 65001).
D:\STANKIN\4semestr\КГ\LAB3\KG_LAB3\KGlab\Decomposition.cpp(1,1): warning C4828: Файл содержит знак, начинающийся со смещения 0x60a, который является недопустимым в текущей исходной кодировке (кодовая страница 65001).
D:\STANKIN\4semestr\КГ\LAB3\KG_LAB3\KGlab\Decomposition.cpp(1,1): warning C4828: Файл содержит знак, начинающийся со смещения 0x65d, который является недопустимым в текущей исходной кодировке (кодовая страница 65001).
D:\STANKIN\4semestr\КГ\LAB3\KG_LAB3\KGlab\Decomposition.cpp(1,1): warning C4828: Файл содержит знак, начинающийся со смещения 0x661, который является недопустимым в текущей исходной кодировке (кодовая страница 65001).
D:\STANKIN\4semestr\КГ\LAB3\KG_LAB3\KGlab\Decomposition.cpp(1,1): warning C4828: Файл содержит знак, начинающийся со смещения 0x664, который является недопустимым в текущей исходной кодировке (кодовая страница 65001).
D:\STANKIN\4semestr\КГ\LAB3\KG_LAB3\KGlab\Decomposition.cpp(1,1): warning C4828: Файл содержит знак, начинающийся со смещения 0x668, который является недопустимым в текущей исходной кодировке (кодовая страница 65001).
D:\STANKIN\4semestr\КГ\LAB3\KG_LAB3\KGlab\Decomposition.cpp(1,1): warning C4828: Файл содержит знак, начинающийся со смещения 0x66b, который является недопустимым в текущей исходной кодировке (кодовая страница 65001).
D:\STANKIN\4semestr\КГ\LAB3\KG_LAB3\KGlab\Decomposition.cpp(1,1): warning C4828: Файл содержит знак, начинающийся со смещения 0x6c5, который является недопустимым в текущей исходной кодировке (кодовая страница 65001).
D:\STANKIN\4semestr\КГ\LAB3\KG_LAB3\KGlab\Decomposition.cpp(1,1): warning C4828: Файл содержит знак, начинающийся со смещения 0x6c8, который является недопустимым в текущей исходной кодировке (кодовая страница 65001).
D:\STANKIN\4semestr\КГ\LAB3\KG_LAB3\KGlab\Decomposition.cpp(1,1): warning C4828: Файл содержит знак, начинающийся со смещения 0x6cc, который является недопустимым в текущей исходной кодировке (кодовая страница 65001).
D:\STANKIN\4semestr\КГ\LAB3\KG_LAB3\KGlab\Decomposition.cpp(1,1): warning C4828: Файл содержит знак, начинающийся со смещения 0x6d1, который является недопустимым в текущей исходной кодировке (кодовая страница 65001).
D:\STANKIN\4semestr\КГ\LAB3\KG_LAB3\KGlab\Decomposition.cpp(1,1): warning C4828: Файл содержит знак, начинающийся со смещения 0x6d5, который является недопустимым в текущей исходной кодировке (кодовая страница 65001).
D:\STANKIN\4semestr\КГ\LAB3\KG_LAB3\KGlab\Decomposition.cpp(1,1): warning C4828: Файл содержит знак, начинающийся со смещения 0x6d8, который является недопустимым в текущей исходной кодировке (кодовая страница 65001).
D:\STANKIN\4semestr\КГ\LAB3\KG_LAB3\KGlab\Decomposition.cpp(1,1): warning C4828: Файл содержит знак, начинающийся со смещения 0x6db, который является недопустимым в текущей исходной кодировке (кодовая страница 65001).
D:\STANKIN\4semestr\КГ\LAB3\KG_LAB3\KGlab\Decomposition.cpp(1,1): warning C4828: Файл содержит знак, начинающийся со смещения 0x6df, который является недопустимым в текущей исходной кодировке (кодовая страница 65001).
D:\STANKIN\4semestr\КГ\LAB3\KG_LAB3\KGlab\Decomposition.cpp(1,1): warning C4828: Файл содержит знак, начинающийся со смещения 0x6e2, который является недопустимым в текущей исходной кодировке (кодовая страница 65001).
D:\STANKIN\4semestr\КГ\LAB3\KG_LAB3\KGlab\Decomposition.cpp(1,1): warning C4828: Файл содержит знак, начинающийся со смещения 0x6e3, который является недопустимым в текущей исходной кодировке (кодовая страница 65001).
D:\STANKIN\4semestr\КГ\LAB3\KG_LAB3\KGlab\Decomposition.cpp(1,1): warning C4828: Файл содержит знак, начинающийся со смещения 0x82f, который является недопустимым в текущей исходной кодировке (кодовая страница 65001).
D:\STANKIN\4semestr\КГ\LAB3\KG_LAB3\KGlab\Decomposition.cpp(1,1): warning C4828: Файл содержит знак, начинающийся со смещения 0x832, который является недопустимым в текущей исходной кодировке (кодовая страница 65001).
D:\STANKIN\4semestr\КГ\LAB3\KG_LAB3\KGlab\Decomposition.cpp(1,1): warning C4828: Файл содержит знак, начинающийся со смещения 0x835, который является недопустимым в текущей исходной кодировке (кодовая страница 65001).
D:\STANKIN\4semestr\КГ\LAB3\KG_LAB3\KGlab\Decomposition.cpp(1,1): warning C4828: Файл содержит знак, начинающийся со смещения 0x838, который является недопустимым в текущей исходной кодировке (кодовая страница 65001).
D:\STANKIN\4semestr\КГ\LAB3\KG_LAB3\KGlab\Decomposition.cpp(1,1): warning C4828: Файл содержит знак, начинающийся со смещения 0x83c, который является недопустимым в текущей исходной кодировке (кодовая страница 65001).
D:\STANKIN\4semestr\КГ\LAB3\KG_LAB3\KGlab\Decomposition.cpp(1,1): warning C4828: Файл содержит знак, начинающийся со смещения 0x83f, который является недопустимым в текущей исходной кодировке (кодовая страница 65001).
D:\STANKIN\4semestr\КГ\LAB3\KG_LAB3\KGlab\Decomposition.cpp(1,1): warning C4828: Файл содержит знак, начинающийся со смещения 0x842, который является недопустимым в текущей исходной кодировке (кодовая страница 65001).
D:\STANKIN\4semestr\КГ\LAB3\KG_LAB3\KGlab\Decomposition.cpp(1,1): warning C4828: Файл содержит знак, начинающийся со смещения 0x846, который является недопустимым в текущей исходной кодировке (кодовая страница 65001).
D:\STANKIN\4semestr\КГ\LAB3\KG_LAB3\KGlab\Decomposition.cpp(1,1): warning C4828: Файл содержит знак, начинающийся со смещения 0x84a, который является недопустимым в текущей исходной кодировке (кодовая страница 65001).
D:\STANKIN\4semestr\КГ\LAB3\KG_LAB3\KGlab\Decomposition.cpp(1,1): warning C4828: Файл содержит знак, начинающийся со смещения 0x84d, который является недопустимым в текущей исходной кодировке (кодовая страница 65001).
D:\STANKIN\4semestr\КГ\LAB3\KG_LAB3\KGlab\Decomposition.cpp(1,1): warning C4828: Файл содержит знак, начинающийся со смещения 0x84e, который является недопустимым в текущей исходной кодировке (кодовая страница 65001).
D:\STANKIN\4semestr\КГ\LAB3\KG_LAB3\KGlab\Decomposition.cpp(1,1): warning C4828: Файл содержит знак, начинающийся со смещения 0x84f, который является недопустимым в текущей исходной кодировке (кодовая страница 65001).
D:\STANKIN\4semestr\КГ\LAB3\KG_LAB3\KGlab\Decomposition.cpp(1,1): warning C4828: Файл содержит знак, начинающийся со смещения 0x852, который является недопустимым в текущей исходной кодировке (кодовая страница 65001).
D:\STANKIN\4semestr\КГ\LAB3\KG_LAB3\KGlab\Decomposition.cpp(1,1): warning C4828: Файл содержит знак, начинающийся со смещения 0x855, который является недопустимым в текущей исходной кодировке (кодовая страница 65001).
D:\STANKIN\4semestr\КГ\LAB3\KG_LAB3\KGlab\Decomposition.cpp(1,1): warning C4828: Файл содержит знак, начинающийся со смещения 0x859, который является недопустимым в текущей исходной кодировке (кодовая страница 65001).
D:\STANKIN\4semestr\КГ\LAB3\KG_LAB3\KGlab\Decomposition.cpp(1,1): warning C4828: Файл содержит знак, начинающийся со смещения 0x865, который является недопустимым в текущей исходной кодировке (кодовая страница 65001).
D:\STANKIN\4semestr\КГ\LAB3\KG_LAB3\KGlab\Decomposition.cpp(1,1): warning C4828: Файл содержит знак, начинающийся со смещения 0x869, который является недопустимым в текущей исходной кодировке (кодовая страница 65001).
D:\STANKIN\4semestr\КГ\LAB3\KG_LAB3\KGlab\Decomposition.cpp(1,1): warning C4828: Файл содержит знак, начинающийся со смещения 0x86d, который является недопустимым в текущей исходной кодировке (кодовая страница 65001).
D:\STANKIN\4semestr\КГ\LAB3\KG_LAB3\KGlab\Decomposition.cpp(1,1): warning C4828: Файл содержит знак, начинающийся со смещения 0x870, который является недопустимым в текущей исходной кодировке (кодовая страница 65001).
D:\STANKIN\4semestr\КГ\LAB3\KG_LAB3\KGlab\Decomposition.cpp(1,1): warning C4828: Файл содержит знак, начинающийся со смещения 0x872, который является недопустимым в текущей исходной кодировке (кодовая страница 65001).
D:\STANKIN\4semestr\КГ\LAB3\KG_LAB3\KGlab\Decomposition.cpp(1,1): warning C4828: Файл содержит знак, начинающийся со смещения 0x875, который является недопустимым в текущей исходной кодировке (кодовая страница 65001).
D:\STANKIN\4semestr\КГ\LAB3\KG_LAB3\KGlab\Decomposition.cpp(1,1): warning C4828: Файл содержит знак, начинающийся со смещения 0x878, который является недопустимым в текущей исходной кодировке (кодовая страница 65001).
D:\STANKIN\4semestr\КГ\LAB3\KG_LAB3\KGlab\Decomposition.cpp(1,1): warning C4828: Файл содержит знак, начинающийся со смещения 0x87c, который является недопустимым в текущей исходной кодировке (кодовая страница 65001).
D:\STANKIN\4semestr\КГ\LAB3\KG_LAB3\KGlab\Decomposition.cpp(1,1): warning C4828: Файл содержит знак, начинающийся со смещения 0x881, который является недопустимым в текущей исходной кодировке (кодовая страница 65001).
D:\STANKIN\4semestr\КГ\LAB3\KG_LAB3\KGlab\Decomposition.cpp(1,1): warning C4828: Файл содержит знак, начинающийся со смещения 0x885, который является недопустимым в текущей исходной кодировке (кодовая страница 65001).
D:\STANKIN\4semestr\КГ\LAB3\KG_LAB3\KGlab\Decomposition.cpp(1,1): warning C4828: Файл содержит знак, начинающийся со смещения 0x888, который является недопустимым в текущей исходной кодировке (кодовая страница 65001).
D:\STANKIN\4semestr\КГ\LAB3\KG_LAB3\KGlab\Decomposition.cpp(1,1): warning C4828: Файл содержит знак, начинающийся со смещения 0x88b, который является недопустимым в текущей исходной кодировке (кодовая страница 65001).
D:\STANKIN\4semestr\КГ\LAB3\KG_LAB3\KGlab\Decomposition.cpp(1,1): warning C4828: Файл содержит знак, начинающийся со смещения 0x88e, который является недопустимым в текущей исходной кодировке (кодовая страница 65001).
D:\STANKIN\4semestr\КГ\LAB3\KG_LAB3\KGlab\Decomposition.cpp(1,1): warning C4828: Файл содержит знак, начинающийся со смещения 0x891, который является недопустимым в текущей исходной кодировке (кодовая страница 65001).
D:\STANKIN\4semestr\КГ\LAB3\KG_LAB3\KGlab\Decomposition.cpp(1,1): warning C4828: Файл содержит знак, начинающийся со смещения 0x895, который является недопустимым в текущей исходной кодировке (кодовая страница 65001).
D:\STANKIN\4semestr\КГ\LAB3\KG_LAB3\KGlab\Decomposition.cpp(1,1): warning C4828: Файл содержит знак, начинающийся со смещения 0x899, который является недопустимым в текущей исходной кодировке (кодовая страница 65001).
D:\STANKIN\4semestr\КГ\LAB3\KG_LAB3\KGlab\Decomposition.cpp(1,1): warning C4828: Файл содержит знак, начинающийся со смещения 0x89c, который является недопустимым в текущей исходной кодировке (кодовая страница 65001).
D:\STANKIN\4semestr\КГ\LAB3\KG_LAB3\KGlab\Decomposition.cpp(1,1): warning C4828: Файл содержит знак, начинающийся со смещения 0x89d, который является недопустимым в текущей исходной кодировке (кодовая страница 65001).
D:\STANKIN\4semestr\КГ\LAB3\KG_LAB3\KGlab\Decomposition.cpp(1,1): warning C4828: Файл содержит знак, начинающийся со смещения 0x9f9, который является недопустимым в текущей исходной кодировке (кодовая страница 65001).
D:\STANKIN\4semestr\КГ\LAB3\KG_LAB3\KGlab\Decomposition.cpp(1,1): warning C4828: Файл содержит знак, начинающийся со смещения 0x9fc, который является недопустимым в текущей исходной кодировке (кодовая страница 65001).
D:\STANKIN\4semestr\КГ\LAB3\KG_LAB3\KGlab\Decomposition.cpp(1,1): warning C4828: Файл содержит знак, начинающийся со смещения 0xa00, который является недопустимым в текущей исходной кодировке (кодовая страница 65001).
D:\STANKIN\4semestr\КГ\LAB3\KG_LAB3\KGlab\Decomposition.cpp(1,1): warning C4828: Файл содержит знак, начинающийся со смещения 0xa46, который является недопустимым в текущей исходной кодировке (кодовая страница 65001).
D:\STANKIN\4semestr\КГ\LAB3\KG_LAB3\KGlab\Decomposition.cpp(1,1): warning C4828: Файл содержит знак, начинающийся со смещения 0xa48, который является недопустимым в текущей исходной кодировке (кодовая страница 65001).
D:\STANKIN\4semestr\КГ\LAB3\KG_LAB3\KGlab\Decomposition.cpp(1,1): warning C4828: Файл содержит знак, начинающийся со смещения 0xa4b, который является недопустимым в текущей исходной кодировке (кодовая страница 65001).
D:\STANKIN\4semestr\КГ\LAB3\KG_LAB3\KGlab\Decomposition.cpp(1,1): warning C4828: Файл содержит знак, начинающийся со смещения 0xa4e, который является недопустимым в текущей исходной кодировке (кодовая страница 65001).
D:\STANKIN\4semestr\КГ\LAB3\KG_LAB3\KGlab\Decomposition.cpp(1,1): warning C4828: Файл содержит знак, начинающийся со смещения 0xa51, который является недопустимым в текущей исходной кодировке (кодовая страница 65001).
D:\STANKIN\4semestr\КГ\LAB3\KG_LAB3\KGlab\Decomposition.cpp(1,1): warning C4828: Файл содержит знак, начинающийся со смещения 0xa55, который является недопустимым в текущей исходной кодировке (кодовая страница 65001).
D:\STANKIN\4semestr\КГ\LAB3\KG_LAB3\KGlab\Decomposition.cpp(1,1): warning C4828: Файл содержит знак, начинающийся со смещения 0xa57, который является недопустимым в текущей исходной кодировке (кодовая страница 65001).
D:\STANKIN\4semestr\КГ\LAB3\KG_LAB3\KGlab\Decomposition.cpp(1,1): warning C4828: Файл содержит знак, начинающийся со смещения 0xa5b, который является недопустимым в текущей исходной кодировке (кодовая страница 65001).
D:\STANKIN\4semestr\КГ\LAB3\KG_LAB3\KGlab\Decomposition.cpp(1,1): warning C4828: Файл содержит знак, начинающийся со смещения 0xa5c, который является недопустимым в текущей исходной кодировке (кодовая страница 65001).
D:\STANKIN\4semestr\КГ\LAB3\KG_LAB3\KGlab\Decomposition.cpp(1,1): warning C4828: Файл содержит знак, начинающийся со смещения 0xa5d, который является недопустимым в текущей исходной кодировке (кодовая страница 65001).
D:\STANKIN\4semestr\КГ\LAB3\KG_LAB3\KGlab\Decomposition.cpp(1,1): warning C4828: Файл содержит знак, начинающийся со смещения 0xa60, который является недопустимым в текущей исходной кодировке (кодовая страница 65001).
D:\STANKIN\4semestr\КГ\LAB3\KG_LAB3\KGlab\Decomposition.cpp(1,1): warning C4828: Файл содержит знак, начинающийся со смещения 0xa61, который является недопустимым в текущей исходной кодировке (кодовая страница 65001).
D:\STANKIN\4semestr\КГ\LAB3\KG_LAB3\KGlab\Decomposition.cpp(1,1): warning C4828: Файл содержит знак, начинающийся со смещения 0xa67, который является недопустимым в текущей исходной кодировке (кодовая страница 65001).
D:\STANKIN\4semestr\КГ\LAB3\KG_LAB3\KGlab\Decomposition.cpp(1,1): warning C4828: Файл содержит знак, начинающийся со смещения 0xa6c, который является недопустимым в текущей исходной кодировке (кодовая страница 65001).
D:\STANKIN\4semestr\КГ\LAB3\KG_LAB3\KGlab\Decomposition.cpp(1,1): warning C4828: Файл содержит знак, начинающийся со смещения 0xa70, который является недопустимым в текущей исходной кодировке (кодовая страница 65001).
D:\STANKIN\4semestr\КГ\LAB3\KG_LAB3\KGlab\Decomposition.cpp(1,1): warning C4828: Файл содержит знак, начинающийся со смещения 0xa74, который является недопустимым в текущей исходной кодировке (кодовая страница 65001).
D:\STANKIN\4semestr\КГ\LAB3\KG_LAB3\KGlab\Decomposition.cpp(1,1): warning C4828: Файл содержит знак, начинающийся со смещения 0xa77, который является недопустимым в текущей исходной кодировке (кодовая страница 65001).
D:\STANKIN\4semestr\КГ\LAB3\KG_LAB3\KGlab\Decomposition.cpp(1,1): warning C4828: Файл содержит знак, начинающийся со смещения 0xa7b, который является недопустимым в текущей исходной кодировке (кодовая страница 65001).
D:\STANKIN\4semestr\КГ\LAB3\KG_LAB3\KGlab\Decomposition.cpp(1,1): warning C4828: Файл содержит знак, начинающийся со смещения 0xa7e, который является недопустимым в текущей исходной кодировке (кодовая страница 65001).
D:\STANKIN\4semestr\КГ\LAB3\KG_LAB3\KGlab\Decomposition.cpp(1,1): warning C4828: Файл содержит знак, начинающийся со смещения 0x1035, который является недопустимым в текущей исходной кодировке (кодовая страница 65001).
D:\STANKIN\4semestr\КГ\LAB3\KG_LAB3\KGlab\Decomposition.cpp(1,1): warning C4828: Файл содержит знак, начинающийся со смещения 0x1038, который является недопустимым в текущей исходной кодировке (кодовая страница 65001).
D:\STANKIN\4semestr\КГ\LAB3\KG_LAB3\KGlab\Decomposition.cpp(1,1): warning C4828: Файл содержит знак, начинающийся со смещения 0x103b, который является недопустимым в текущей исходной кодировке (кодовая страница 65001).
D:\STANKIN\4semestr\КГ\LAB3\KG_LAB3\KGlab\Decomposition.cpp(1,1): warning C4828: Файл содержит знак, начинающийся со смещения 0x113e, который является недопустимым в текущей исходной кодировке (кодовая страница 65001).
D:\STANKIN\4semestr\КГ\LAB3\KG_LAB3\KGlab\Decomposition.cpp(1,1): warning C4828: Файл содержит знак, начинающийся со смещения 0x1142, который является недопустимым в текущей исходной кодировке (кодовая страница 65001).
D:\STANKIN\4semestr\КГ\LAB3\KG_LAB3\KGlab\Decomposition.cpp(1,1): warning C4828: Файл содержит знак, начинающийся со смещения 0x1257, который является недопустимым в текущей исходной кодировке (кодовая страница 65001).
D:\STANKIN\4semestr\КГ\LAB3\KG_LAB3\KGlab\Decomposition.cpp(1,1): warning C4828: Файл содержит знак, начинающийся со смещения 0x125b, который является недопустимым в текущей исходной кодировке (кодовая страница 65001).
D:\STANKIN\4semestr\КГ\LAB3\KG_LAB3\KGlab\Decomposition.cpp(1,1): warning C4828: Файл содержит знак, начинающийся со смещения 0x125e, который является недопустимым в текущей исходной кодировке (кодовая страница 65001).
D:\STANKIN\4semestr\КГ\LAB3\KG_LAB3\KGlab\Decomposition.cpp(1,1): warning C4828: Файл содержит знак, начинающийся со смещения 0x1262, который является недопустимым в текущей исходной кодировке (кодовая страница 65001).
D:\STANKIN\4semestr\КГ\LAB3\KG_LAB3\KGlab\Decomposition.cpp(1,1): warning C4828: Файл содержит знак, начинающийся со смещения 0x1286, который является недопустимым в текущей исходной кодировке (кодовая страница 65001).
D:\STANKIN\4semestr\КГ\LAB3\KG_LAB3\KGlab\Decomposition.cpp(1,1): warning C4828: Файл содержит знак, начинающийся со смещения 0x128d, который является недопустимым в текущей исходной кодировке (кодовая страница 65001).
D:\STANKIN\4semestr\КГ\LAB3\KG_LAB3\KGlab\Decomposition.cpp(1,1): warning C4828: Файл содержит знак, начинающийся со смещения 0x1290, который является недопустимым в текущей исходной кодировке (кодовая страница 65001).
D:\STANKIN\4semestr\КГ\LAB3\KG_LAB3\KGlab\Decomposition.cpp(1,1): warning C4828: Файл содержит знак, начинающийся со смещения 0x1328, который является недопустимым в текущей исходной кодировке (кодовая страница 65001).
D:\STANKIN\4semestr\КГ\LAB3\KG_LAB3\KGlab\Decomposition.cpp(1,1): warning C4828: Файл содержит знак, начинающийся со смещения 0x132a, который является недопустимым в текущей исходной кодировке (кодовая страница 65001).
D:\STANKIN\4semestr\КГ\LAB3\KG_LAB3\KGlab\Decomposition.cpp(1,1): warning C4828: Файл содержит знак, начинающийся со смещения 0x132f, который является недопустимым в текущей исходной кодировке (кодовая страница 65001).
D:\STANKIN\4semestr\КГ\LAB3\KG_LAB3\KGlab\Decomposition.cpp(1,1): warning C4828: Файл содержит знак, начинающийся со смещения 0x1332, который является недопустимым в текущей исходной кодировке (кодовая страница 65001).
D:\STANKIN\4semestr\КГ\LAB3\KG_LAB3\KGlab\Decomposition.cpp(1,1): warning C4828: Файл содержит знак, начинающийся со смещения 0x1335, который является недопустимым в текущей исходной кодировке (кодовая страница 65001).
D:\STANKIN\4semestr\КГ\LAB3\KG_LAB3\KGlab\Decomposition.cpp(1,1): warning C4828: Файл содержит знак, начинающийся со смещения 0x13ca, который является недопустимым в текущей исходной кодировке (кодовая страница 65001).
D:\STANKIN\4semestr\КГ\LAB3\KG_LAB3\KGlab\Decomposition.cpp(1,1): warning C4828: Файл содержит знак, начинающийся со смещения 0x13cc, который является недопустимым в текущей исходной кодировке (кодовая страница 65001).
D:\STANKIN\4semestr\КГ\LAB3\KG_LAB3\KGlab\Decomposition.cpp(1,1): warning C4828: Файл содержит знак, начинающийся со смещения 0x13d1, который является недопустимым в текущей исходной кодировке (кодовая страница 65001).
D:\STANKIN\4semestr\КГ\LAB3\KG_LAB3\KGlab\Decomposition.cpp(1,1): warning C4828: Файл содержит знак, начинающийся со смещения 0x13d3, который является недопустимым в текущей исходной кодировке (кодовая страница 65001).
D:\STANKIN\4semestr\КГ\LAB3\KG_LAB3\KGlab\Decomposition.cpp(1,1): warning C4828: Файл содержит знак, начинающийся со смещения 0x160f, который является недопустимым в текущей исходной кодировке (кодовая страница 65001).
D:\STANKIN\4semestr\КГ\LAB3\KG_LAB3\KGlab\Decomposition.cpp(1,1): warning C4828: Файл содержит знак, начинающийся со смещения 0x1611, который является недопустимым в текущей исходной кодировке (кодовая страница 65001).
D:\STANKIN\4semestr\КГ\LAB3\KG_LAB3\KGlab\Decomposition.cpp(1,1): warning C4828: Файл содержит знак, начинающийся со смещения 0x1613, который является недопустимым в текущей исходной кодировке (кодовая страница 65001).
D:\STANKIN\4semestr\КГ\LAB3\KG_LAB3\KGlab\Decomposition.cpp(1,1): warning C4828: Файл содержит знак, начинающийся со смещения 0x1616, который является недопустимым в текущей исходной кодировке (кодовая страница 65001).
D:\STANKIN\4semestr\КГ\LAB3\KG_LAB3\KGlab\Decomposition.cpp(1,1): warning C4828: Файл содержит знак, начинающийся со смещения 0x1619, который является недопустимым в текущей исходной кодировке (кодовая страница 65001).
D:\STANKIN\4semestr\КГ\LAB3\KG_LAB3\KGlab\Decomposition.cpp(1,1): warning C4828: Файл содержит знак, начинающийся со смещения 0x161c, который является недопустимым в текущей исходной кодировке (кодовая страница 65001).
D:\STANKIN\4semestr\КГ\LAB3\KG_LAB3\KGlab\Decomposition.cpp(1,1): warning C4828: Файл содержит знак, начинающийся со смещения 0x161f, который является недопустимым в текущей исходной кодировке (кодовая страница 65001).
D:\STANKIN\4semestr\КГ\LAB3\KG_LAB3\KGlab\Decomposition.cpp(1,1): warning C4828: Файл содержит знак, начинающийся со смещения 0x1622, который является недопустимым в текущей исходной кодировке (кодовая страница 65001).
D:\STANKIN\4semestr\КГ\LAB3\KG_LAB3\KGlab\Decomposition.cpp(1,1): warning C4828: Файл содержит знак, начинающийся со смещения 0x1625, который является недопустимым в текущей исходной кодировке (кодовая страница 65001).
D:\STANKIN\4semestr\КГ\LAB3\KG_LAB3\KGlab\Decomposition.cpp(1,1): warning C4828: Файл содержит знак, начинающийся со смещения 0x1628, который является недопустимым в текущей исходной кодировке (кодовая страница 65001).
D:\STANKIN\4semestr\КГ\LAB3\KG_LAB3\KGlab\Decomposition.cpp(1,1): warning C4828: Файл содержит знак, начинающийся со смещения 0x162c, который является недопустимым в текущей исходной кодировке (кодовая страница 65001).
D:\STANKIN\4semestr\КГ\LAB3\KG_LAB3\KGlab\Decomposition.cpp(1,1): warning C4828: Файл содержит знак, начинающийся со смещения 0x162f, который является недопустимым в текущей исходной кодировке (кодовая страница 65001).
D:\STANKIN\4semestr\КГ\LAB3\KG_LAB3\KGlab\Decomposition.cpp(1,1): warning C4828: Файл содержит знак, начинающийся со смещения 0x1632, который является недопустимым в текущей исходной кодировке (кодовая страница 65001).
D:\STANKIN\4semestr\КГ\LAB3\KG_LAB3\KGlab\Decomposition.cpp(1,1): warning C4828: Файл содержит знак, начинающийся со смещения 0x1639, который является недопустимым в текущей исходной кодировке (кодовая страница 65001).
D:\STANKIN\4semestr\КГ\LAB3\KG_LAB3\KGlab\Decomposition.cpp(1,1): warning C4828: Файл содержит знак, начинающийся со смещения 0x163b, который является недопустимым в текущей исходной кодировке (кодовая страница 65001).
D:\STANKIN\4semestr\КГ\LAB3\KG_LAB3\KGlab\Decomposition.cpp(1,1): warning C4828: Файл содержит знак, начинающийся со смещения 0x163e, который является недопустимым в текущей исходной кодировке (кодовая страница 65001).
D:\STANKIN\4semestr\КГ\LAB3\KG_LAB3\KGlab\Decomposition.cpp(1,1): warning C4828: Файл содержит знак, начинающийся со смещения 0x1641, который является недопустимым в текущей исходной кодировке (кодовая страница 65001).
D:\STANKIN\4semestr\КГ\LAB3\KG_LAB3\KGlab\Decomposition.cpp(1,1): warning C4828: Файл содержит знак, начинающийся со смещения 0x1644, который является недопустимым в текущей исходной кодировке (кодовая страница 65001).
D:\STANKIN\4semestr\КГ\LAB3\KG_LAB3\KGlab\Decomposition.cpp(1,1): warning C4828: Файл содержит знак, начинающийся со смещения 0x164a, который является недопустимым в текущей исходной кодировке (кодовая страница 65001).
D:\STANKIN\4semestr\КГ\LAB3\KG_LAB3\KGlab\Decomposition.cpp(1,1): warning C4828: Файл содержит знак, начинающийся со смещения 0x164b, который является недопустимым в текущей исходной кодировке (кодовая страница 65001).
D:\STANKIN\4semestr\КГ\LAB3\KG_LAB3\KGlab\Decomposition.cpp(1,1): warning C4828: Файл содержит знак, начинающийся со смещения 0x164f, который является недопустимым в текущей исходной кодировке (кодовая страница 65001).
D:\STANKIN\4semestr\КГ\LAB3\KG_LAB3\KGlab\Decomposition.cpp(1,1): warning C4828: Файл содержит знак, начинающийся со смещения 0x1653, который является недопустимым в текущей исходной кодировке (кодовая страница 65001).
D:\STANKIN\4semestr\КГ\LAB3\KG_LAB3\KGlab\Decomposition.cpp(1,1): warning C4828: Файл содержит знак, начинающийся со смещения 0x1656, который является недопустимым в текущей исходной кодировке (кодовая страница 65001).
D:\STANKIN\4semestr\КГ\LAB3\KG_LAB3\KGlab\Decomposition.cpp(1,1): warning C4828: Файл содержит знак, начинающийся со смещения 0x1659, который является недопустимым в текущей исходной кодировке (кодовая страница 65001).
D:\STANKIN\4semestr\КГ\LAB3\KG_LAB3\KGlab\Decomposition.cpp(1,1): warning C4828: Файл содержит знак, начинающийся со смещения 0x165c, который является недопустимым в текущей исходной кодировке (кодовая страница 65001).
D:\STANKIN\4semestr\КГ\LAB3\KG_LAB3\KGlab\Decomposition.cpp(1,1): warning C4828: Файл содержит знак, начинающийся со смещения 0x165f, который является недопустимым в текущей исходной кодировке (кодовая страница 65001).
D:\STANKIN\4semestr\КГ\LAB3\KG_LAB3\KGlab\Decomposition.cpp(1,1): warning C4828: Файл содержит знак, начинающийся со смещения 0x1666, который является недопустимым в текущей исходной кодировке (кодовая страница 65001).
D:\STANKIN\4semestr\КГ\LAB3\KG_LAB3\KGlab\Decomposition.cpp(1,1): warning C4828: Файл содержит знак, начинающийся со смещения 0x166a, который является недопустимым в текущей исходной кодировке (кодовая страница 65001).
D:\STANKIN\4semestr\КГ\LAB3\KG_LAB3\KGlab\Decomposition.cpp(1,1): warning C4828: Файл содержит знак, начинающийся со смещения 0x166e, который является недопустимым в текущей исходной кодировке (кодовая страница 65001).
D:\STANKIN\4semestr\КГ\LAB3\KG_LAB3\KGlab\Decomposition.cpp(1,1): warning C4828: Файл содержит знак, начинающийся со смещения 0x1671, который является недопустимым в текущей исходной кодировке (кодовая страница 65001).
D:\STANKIN\4semestr\КГ\LAB3\KG_LAB3\KGlab\Decomposition.cpp(1,1): warning C4828: Файл содержит знак, начинающийся со смещения 0x1674, который является недопустимым в текущей исходной кодировке (кодовая страница 65001).
D:\STANKIN\4semestr\КГ\LAB3\KG_LAB3\KGlab\Decomposition.cpp(1,1): warning C4828: Файл содержит знак, начинающийся со смещения 0x1678, который является недопустимым в текущей исходной кодировке (кодовая страница 65001).
D:\STANKIN\4semestr\КГ\LAB3\KG_LAB3\KGlab\Decomposition.cpp(1,1): warning C4828: Файл содержит знак, начинающийся со смещения 0x167b, который является недопустимым в текущей исходной кодировке (кодовая страница 65001).
D:\STANKIN\4semestr\КГ\LAB3\KG_LAB3\KGlab\Decomposition.cpp(1,1): warning C4828: Файл содержит знак, начинающийся со смещения 0x167e, который является недопустимым в текущей исходной кодировке (кодовая страница 65001).
D:\STANKIN\4semestr\КГ\LAB3\KG_LAB3\KGlab\Decomposition.cpp(1,1): warning C4828: Файл содержит знак, начинающийся со смещения 0x1681, который является недопустимым в текущей исходной кодировке (кодовая страница 65001).
D:\STANKIN\4semestr\КГ\LAB3\KG_LAB3\KGlab\Decomposition.cpp(1,1): warning C4828: Файл содержит знак, начинающийся со смещения 0x1684, который является недопустимым в текущей исходной кодировке (кодовая страница 65001).
D:\STANKIN\4semestr\КГ\LAB3\KG_LAB3\KGlab\Decomposition.cpp(1,1): warning C4828: Файл содержит знак, начинающийся со смещения 0x1688, который является недопустимым в текущей исходной кодировке (кодовая страница 65001).
D:\STANKIN\4semestr\КГ\LAB3\KG_LAB3\KGlab\Decomposition.cpp(1,1): warning C4828: Файл содержит знак, начинающийся со смещения 0x168b, который является недопустимым в текущей исходной кодировке (кодовая страница 65001).
D:\STANKIN\4semestr\КГ\LAB3\KG_LAB3\KGlab\Decomposition.cpp(1,1): warning C4828: Файл содержит знак, начинающийся со смещения 0x168e, который является недопустимым в текущей исходной кодировке (кодовая страница 65001).
D:\STANKIN\4semestr\КГ\LAB3\KG_LAB3\KGlab\Decomposition.cpp(1,1): warning C4828: Файл содержит знак, начинающийся со смещения 0x1691, который является недопустимым в текущей исходной кодировке (кодовая страница 65001).
D:\STANKIN\4semestr\КГ\LAB3\KG_LAB3\KGlab\Decomposition.cpp(1,1): warning C4828: Файл содержит знак, начинающийся со смещения 0x1694, который является недопустимым в текущей исходной кодировке (кодовая страница 65001).
D:\STANKIN\4semestr\КГ\LAB3\KG_LAB3\KGlab\Decomposition.cpp(1,1): warning C4828: Файл содержит знак, начинающийся со смещения 0x1697, который является недопустимым в текущей исходной кодировке (кодовая страница 65001).
D:\STANKIN\4semestr\КГ\LAB3\KG_LAB3\KGlab\Decomposition.cpp(1,1): warning C4828: Файл содержит знак, начинающийся со смещения 0x169e, который является недопустимым в текущей исходной кодировке (кодовая страница 65001).
D:\STANKIN\4semestr\КГ\LAB3\KG_LAB3\KGlab\Decomposition.cpp(1,1): warning C4828: Файл содержит знак, начинающийся со смещения 0x16a0, который является недопустимым в текущей исходной кодировке (кодовая страница 65001).
D:\STANKIN\4semestr\КГ\LAB3\KG_LAB3\KGlab\Decomposition.cpp(1,1): warning C4828: Файл содержит знак, начинающийся со смещения 0x16a4, который является недопустимым в текущей исходной кодировке (кодовая страница 65001).
D:\STANKIN\4semestr\КГ\LAB3\KG_LAB3\KGlab\Decomposition.cpp(1,1): warning C4828: Файл содержит знак, начинающийся со смещения 0x16a7, который является недопустимым в текущей исходной кодировке (кодовая страница 65001).
D:\STANKIN\4semestr\КГ\LAB3\KG_LAB3\KGlab\Decomposition.cpp(1,1): warning C4828: Файл содержит знак, начинающийся со смещения 0x16ab, который является недопустимым в текущей исходной кодировке (кодовая страница 65001).
D:\STANKIN\4semestr\КГ\LAB3\KG_LAB3\KGlab\Decomposition.cpp(1,1): warning C4828: Файл содержит знак, начинающийся со смещения 0x16af, который является недопустимым в текущей исходной кодировке (кодовая страница 65001).
D:\STANKIN\4semestr\КГ\LAB3\KG_LAB3\KGlab\Decomposition.cpp(1,1): warning C4828: Файл содержит знак, начинающийся со смещения 0x16b2, который является недопустимым в текущей исходной кодировке (кодовая страница 65001).
D:\STANKIN\4semestr\КГ\LAB3\KG_LAB3\KGlab\Decomposition.cpp(1,1): warning C4828: Файл содержит знак, начинающийся со смещения 0x16b4, который является недопустимым в текущей исходной кодировке (кодовая страница 65001).
D:\STANKIN\4semestr\КГ\LAB3\KG_LAB3\KGlab\Decomposition.cpp(1,1): warning C4828: Файл содержит знак, начинающийся со смещения 0x16b7, который является недопустимым в текущей исходной кодировке (кодовая страница 65001).
D:\STANKIN\4semestr\КГ\LAB3\KG_LAB3\KGlab\Decomposition.cpp(1,1): warning C4828: Файл содержит знак, начинающийся со смещения 0x16bb, который является недопустимым в текущей исходной кодировке (кодовая страница 65001).
D:\STANKIN\4semestr\КГ\LAB3\KG_LAB3\KGlab\Decomposition.cpp(1,1): warning C4828: Файл содержит знак, начинающийся со смещения 0x16bf, который является недопустимым в текущей исходной кодировке (кодовая страница 65001).
D:\STANKIN\4semestr\КГ\LAB3\KG_LAB3\KGlab\Decomposition.cpp(1,1): warning C4828: Файл содержит знак, начинающийся со смещения 0x16c2, который является недопустимым в текущей исходной кодировке (кодовая страница 65001).
D:\STANKIN\4semestr\КГ\LAB3\KG_LAB3\KGlab\Decomposition.cpp(1,1): warning C4828: Файл содержит знак, начинающийся со смещения 0x16c5, который является недопустимым в текущей исходной кодировке (кодовая страница 65001).
D:\STANKIN\4semestr\КГ\LAB3\KG_LAB3\KGlab\Decomposition.cpp(1,1): warning C4828: Файл содержит знак, начинающийся со смещения 0x16cc, который является недопустимым в текущей исходной кодировке (кодовая страница 65001).
D:\STANKIN\4semestr\КГ\LAB3\KG_LAB3\KGlab\Decomposition.cpp(1,1): warning C4828: Файл содержит знак, начинающийся со смещения 0x16ce, который является недопустимым в текущей исходной кодировке (кодовая страница 65001).
D:\STANKIN\4semestr\КГ\LAB3\KG_LAB3\KGlab\Decomposition.cpp(1,1): warning C4828: Файл содержит знак, начинающийся со смещения 0x16d2, который является недопустимым в текущей исходной кодировке (кодовая страница 65001).
D:\STANKIN\4semestr\КГ\LAB3\KG_LAB3\KGlab\Decomposition.cpp(1,1): warning C4828: Файл содержит знак, начинающийся со смещения 0x16d3, который является недопустимым в текущей исходной кодировке (кодовая страница 65001).
D:\STANKIN\4semestr\КГ\LAB3\KG_LAB3\KGlab\Decomposition.cpp(1,1): warning C4828: Файл содержит знак, начинающийся со смещения 0x16d6, который является недопустимым в текущей исходной кодировке (кодовая страница 65001).
D:\STANKIN\4semestr\КГ\LAB3\KG_LAB3\KGlab\Decomposition.cpp(1,1): warning C4828: Файл содержит знак, начинающийся со смещения 0x16da, который является недопустимым в текущей исходной кодировке (кодовая страница 65001).
D:\STANKIN\4semestr\КГ\LAB3\KG_LAB3\KGlab\Decomposition.cpp(1,1): warning C4828: Файл содержит знак, начинающийся со смещения 0x1741, который является недопустимым в текущей исходной кодировке (кодовая страница 65001).
D:\STANKIN\4semestr\КГ\LAB3\KG_LAB3\KGlab\Decomposition.cpp(1,1): warning C4828: Файл содержит знак, начинающийся со смещения 0x1745, который является недопустимым в текущей исходной кодировке (кодовая страница 65001).
D:\STANKIN\4semestr\КГ\LAB3\KG_LAB3\KGlab\Decomposition.cpp(1,1): warning C4828: Файл содержит знак, начинающийся со смещения 0x1748, который является недопустимым в текущей исходной кодировке (кодовая страница 65001).
D:\STANKIN\4semestr\КГ\LAB3\KG_LAB3\KGlab\Decomposition.cpp(1,1): warning C4828: Файл содержит знак, начинающийся со смещения 0x174c, который является недопустимым в текущей исходной кодировке (кодовая страница 65001).
D:\STANKIN\4semestr\КГ\LAB3\KG_LAB3\KGlab\Decomposition.cpp(1,1): warning C4828: Файл содержит знак, начинающийся со смещения 0x174f, который является недопустимым в текущей исходной кодировке (кодовая страница 65001).
D:\STANKIN\4semestr\КГ\LAB3\KG_LAB3\KGlab\Decomposition.cpp(1,1): warning C4828: Файл содержит знак, начинающийся со смещения 0x1752, который является недопустимым в текущей исходной кодировке (кодовая страница 65001).
D:\STANKIN\4semestr\КГ\LAB3\KG_LAB3\KGlab\Decomposition.cpp(1,1): warning C4828: Файл содержит знак, начинающийся со смещения 0x1755, который является недопустимым в текущей исходной кодировке (кодовая страница 65001).
D:\STANKIN\4semestr\КГ\LAB3\KG_LAB3\KGlab\Decomposition.cpp(1,1): warning C4828: Файл содержит знак, начинающийся со смещения 0x175a, который является недопустимым в текущей исходной кодировке (кодовая страница 65001).
D:\STANKIN\4semestr\КГ\LAB3\KG_LAB3\KGlab\Decomposition.cpp(1,1): warning C4828: Файл содержит знак, начинающийся со смещения 0x175d, который является недопустимым в текущей исходной кодировке (кодовая страница 65001).
D:\STANKIN\4semestr\КГ\LAB3\KG_LAB3\KGlab\Decomposition.cpp(1,1): warning C4828: Файл содержит знак, начинающийся со смещения 0x1760, который является недопустимым в текущей исходной кодировке (кодовая страница 65001).
D:\STANKIN\4semestr\КГ\LAB3\KG_LAB3\KGlab\Decomposition.cpp(1,1): warning C4828: Файл содержит знак, начинающийся со смещения 0x1763, который является недопустимым в текущей исходной кодировке (кодовая страница 65001).
D:\STANKIN\4semestr\КГ\LAB3\KG_LAB3\KGlab\Decomposition.cpp(1,1): warning C4828: Файл содержит знак, начинающийся со смещения 0x17b1, который является недопустимым в текущей исходной кодировке (кодовая страница 65001).
D:\STANKIN\4semestr\КГ\LAB3\KG_LAB3\KGlab\Decomposition.cpp(1,1): warning C4828: Файл содержит знак, начинающийся со смещения 0x17b5, который является недопустимым в текущей исходной кодировке (кодовая страница 65001).
D:\STANKIN\4semestr\КГ\LAB3\KG_LAB3\KGlab\Decomposition.cpp(1,1): warning C4828: Файл содержит знак, начинающийся со смещения 0x17b8, который является недопустимым в текущей исходной кодировке (кодовая страница 65001).
D:\STANKIN\4semestr\КГ\LAB3\KG_LAB3\KGlab\Decomposition.cpp(1,1): warning C4828: Файл содержит знак, начинающийся со смещения 0x17bb, который является недопустимым в текущей исходной кодировке (кодовая страница 65001).
D:\STANKIN\4semestr\КГ\LAB3\KG_LAB3\KGlab\Decomposition.cpp(1,1): warning C4828: Файл содержит знак, начинающийся со смещения 0x17bf, который является недопустимым в текущей исходной кодировке (кодовая страница 65001).
D:\STANKIN\4semestr\КГ\LAB3\KG_LAB3\KGlab\Decomposition.cpp(1,1): warning C4828: Файл содержит знак, начинающийся со смещения 0x17c2, который является недопустимым в текущей исходной кодировке (кодовая страница 65001).
D:\STANKIN\4semestr\КГ\LAB3\KG_LAB3\KGlab\Decomposition.cpp(1,1): warning C4828: Файл содержит знак, начинающийся со смещения 0x17c5, который является недопустимым в текущей исходной кодировке (кодовая страница 65001).
D:\STANKIN\4semestr\КГ\LAB3\KG_LAB3\KGlab\Decomposition.cpp(1,1): warning C4828: Файл содержит знак, начинающийся со смещения 0x17cb, который является недопустимым в текущей исходной кодировке (кодовая страница 65001).
D:\STANKIN\4semestr\КГ\LAB3\KG_LAB3\KGlab\Decomposition.cpp(1,1): warning C4828: Файл содержит знак, начинающийся со смещения 0x17ce, который является недопустимым в текущей исходной кодировке (кодовая страница 65001).
D:\STANKIN\4semestr\КГ\LAB3\KG_LAB3\KGlab\Decomposition.cpp(1,1): warning C4828: Файл содержит знак, начинающийся со смещения 0x17d1, который является недопустимым в текущей исходной кодировке (кодовая страница 65001).
D:\STANKIN\4semestr\КГ\LAB3\KG_LAB3\KGlab\Decomposition.cpp(1,1): warning C4828: Файл содержит знак, начинающийся со смещения 0x17d4, который является недопустимым в текущей исходной кодировке (кодовая страница 65001).
D:\STANKIN\4semestr\КГ\LAB3\KG_LAB3\KGlab\Decomposition.cpp(1,1): warning C4828: Файл содержит знак, начинающийся со смещения 0x17d7, который является недопустимым в текущей исходной кодировке (кодовая страница 65001).
D:\STANKIN\4semestr\КГ\LAB3\KG_LAB3\KGlab\Decomposition.cpp(1,1): warning C4828: Файл содержит знак, начинающийся со смещения 0x17da, который является недопустимым в текущей исходной кодировке (кодовая страница 65001).
D:\STANKIN\4semestr\КГ\LAB3\KG_LAB3\KGlab\Decomposition.cpp(1,1): warning C4828: Файл содержит знак, начинающийся со смещения 0x17db, который является недопустимым в текущей исходной кодировке (кодовая страница 65001).
D:\STANKIN\4semestr\КГ\LAB3\KG_LAB3\KGlab\Decomposition.cpp(1,1): warning C4828: Файл содержит знак, начинающийся со смещения 0x17e0, который является недопустимым в текущей исходной кодировке (кодовая страница 65001).
D:\STANKIN\4semestr\КГ\LAB3\KG_LAB3\KGlab\Decomposition.cpp(1,1): warning C4828: Файл содержит знак, начинающийся со смещения 0x17e3, который является недопустимым в текущей исходной кодировке (кодовая страница 65001).
D:\STANKIN\4semestr\КГ\LAB3\KG_LAB3\KGlab\Decomposition.cpp(1,1): warning C4828: Файл содержит знак, начинающийся со смещения 0x17e6, который является недопустимым в текущей исходной кодировке (кодовая страница 65001).
D:\STANKIN\4semestr\КГ\LAB3\KG_LAB3\KGlab\Decomposition.cpp(1,1): warning C4828: Файл содержит знак, начинающийся со смещения 0x17e9, который является недопустимым в текущей исходной кодировке (кодовая страница 65001).
D:\STANKIN\4semestr\КГ\LAB3\KG_LAB3\KGlab\Decomposition.cpp(1,1): warning C4828: Файл содержит знак, начинающийся со смещения 0x17f1, который является недопустимым в текущей исходной кодировке (кодовая страница 65001).
D:\STANKIN\4semestr\КГ\LAB3\KG_LAB3\KGlab\Decomposition.cpp(1,1): warning C4828: Файл содержит знак, начинающийся со смещения 0x17f5, который является недопустимым в текущей исходной кодировке (кодовая страница 65001).
D:\STANKIN\4semestr\КГ\LAB3\KG_LAB3\KGlab\Decomposition.cpp(1,1): warning C4828: Файл содержит знак, начинающийся со смещения 0x17f7, который является недопустимым в текущей исходной кодировке (кодовая страница 65001).
D:\STANKIN\4semestr\КГ\LAB3\KG_LAB3\KGlab\Decomposition.cpp(1,1): warning C4828: Файл содержит знак, начинающийся со смещения 0x17fa, который является недопустимым в текущей исходной кодировке (кодовая страница 65001).
D:\STANKIN\4semestr\КГ\LAB3\KG_LAB3\KGlab\Decomposition.cpp(1,1): warning C4828: Файл содержит знак, начинающийся со смещения 0x17fe, который является недопустимым в текущей исходной кодировке (кодовая страница 65001).
D:\STANKIN\4semestr\КГ\LAB3\KG_LAB3\KGlab\Decomposition.cpp(1,1): warning C4828: Файл содержит знак, начинающийся со смещения 0x1801, который является недопустимым в текущей исходной кодировке (кодовая страница 65001).
D:\STANKIN\4semestr\КГ\LAB3\KG_LAB3\KGlab\Decomposition.cpp(1,1): warning C4828: Файл содержит знак, начинающийся со смещения 0x1805, который является недопустимым в текущей исходной кодировке (кодовая страница 65001).
D:\STANKIN\4semestr\КГ\LAB3\KG_LAB3\KGlab\Decomposition.cpp(1,1): warning C4828: Файл содержит знак, начинающийся со смещения 0x1809, который является недопустимым в текущей исходной кодировке (кодовая страница 65001).
D:\STANKIN\4semestr\КГ\LAB3\KG_LAB3\KGlab\Decomposition.cpp(1,1): warning C4828: Файл содержит знак, начинающийся со смещения 0x180c, который является недопустимым в текущей исходной кодировке (кодовая страница 65001).
D:\STANKIN\4semestr\КГ\LAB3\KG_LAB3\KGlab\Decomposition.cpp(1,1): warning C4828: Файл содержит знак, начинающийся со смещения 0x180f, который является недопустимым в текущей исходной кодировке (кодовая страница 65001).
D:\STANKIN\4semestr\КГ\LAB3\KG_LAB3\KGlab\Decomposition.cpp(1,1): warning C4828: Файл содержит знак, начинающийся со смещения 0x1813, который является недопустимым в текущей исходной кодировке (кодовая страница 65001).
D:\STANKIN\4semestr\КГ\LAB3\KG_LAB3\KGlab\Decomposition.cpp(1,1): warning C4828: Файл содержит знак, начинающийся со смещения 0x1848, который является недопустимым в текущей исходной кодировке (кодовая страница 65001).
D:\STANKIN\4semestr\КГ\LAB3\KG_LAB3\KGlab\Decomposition.cpp(1,1): warning C4828: Файл содержит знак, начинающийся со смещения 0x184b, который является недопустимым в текущей исходной кодировке (кодовая страница 65001).
D:\STANKIN\4semestr\КГ\LAB3\KG_LAB3\KGlab\Decomposition.cpp(1,1): warning C4828: Файл содержит знак, начинающийся со смещения 0x184e, который является недопустимым в текущей исходной кодировке (кодовая страница 65001).
D:\STANKIN\4semestr\КГ\LAB3\KG_LAB3\KGlab\Decomposition.cpp(1,1): warning C4828: Файл содержит знак, начинающийся со смещения 0x1852, который является недопустимым в текущей исходной кодировке (кодовая страница 65001).
D:\STANKIN\4semestr\КГ\LAB3\KG_LAB3\KGlab\Decomposition.cpp(1,1): warning C4828: Файл содержит знак, начинающийся со смещения 0x1855, который является недопустимым в текущей исходной кодировке (кодовая страница 65001).
D:\STANKIN\4semestr\КГ\LAB3\KG_LAB3\KGlab\Decomposition.cpp(1,1): warning C4828: Файл содержит знак, начинающийся со смещения 0x1858, который является недопустимым в текущей исходной кодировке (кодовая страница 65001).
D:\STANKIN\4semestr\КГ\LAB3\KG_LAB3\KGlab\Decomposition.cpp(1,1): warning C4828: Файл содержит знак, начинающийся со смещения 0x185d, который является недопустимым в текущей исходной кодировке (кодовая страница 65001).
D:\STANKIN\4semestr\КГ\LAB3\KG_LAB3\KGlab\Decomposition.cpp(1,1): warning C4828: Файл содержит знак, начинающийся со смещения 0x1861, который является недопустимым в текущей исходной кодировке (кодовая страница 65001).
D:\STANKIN\4semestr\КГ\LAB3\KG_LAB3\KGlab\Decomposition.cpp(1,1): warning C4828: Файл содержит знак, начинающийся со смещения 0x1863, который является недопустимым в текущей исходной кодировке (кодовая страница 65001).
D:\STANKIN\4semestr\КГ\LAB3\KG_LAB3\KGlab\Decomposition.cpp(1,1): warning C4828: Файл содержит знак, начинающийся со смещения 0x1867, который является недопустимым в текущей исходной кодировке (кодовая страница 65001).
D:\STANKIN\4semestr\КГ\LAB3\KG_LAB3\KGlab\Decomposition.cpp(1,1): warning C4828: Файл содержит знак, начинающийся со смещения 0x186b, который является недопустимым в текущей исходной кодировке (кодовая страница 65001).
D:\STANKIN\4semestr\КГ\LAB3\KG_LAB3\KGlab\Decomposition.cpp(1,1): warning C4828: Файл содержит знак, начинающийся со смещения 0x186f, который является недопустимым в текущей исходной кодировке (кодовая страница 65001).
D:\STANKIN\4semestr\КГ\LAB3\KG_LAB3\KGlab\Decomposition.cpp(1,1): warning C4828: Файл содержит знак, начинающийся со смещения 0x1872, который является недопустимым в текущей исходной кодировке (кодовая страница 65001).
D:\STANKIN\4semestr\КГ\LAB3\KG_LAB3\KGlab\Decomposition.cpp(1,1): warning C4828: Файл содержит знак, начинающийся со смещения 0x1875, который является недопустимым в текущей исходной кодировке (кодовая страница 65001).
D:\STANKIN\4semestr\КГ\LAB3\KG_LAB3\KGlab\Decomposition.cpp(1,1): warning C4828: Файл содержит знак, начинающийся со смещения 0x1878, который является недопустимым в текущей исходной кодировке (кодовая страница 65001).
D:\STANKIN\4semestr\КГ\LAB3\KG_LAB3\KGlab\Decomposition.cpp(1,1): warning C4828: Файл содержит знак, начинающийся со смещения 0x187b, который является недопустимым в текущей исходной кодировке (кодовая страница 65001).
D:\STANKIN\4semestr\КГ\LAB3\KG_LAB3\KGlab\Decomposition.cpp(1,1): warning C4828: Файл содержит знак, начинающийся со смещения 0x187f, который является недопустимым в текущей исходной кодировке (кодовая страница 65001).
D:\STANKIN\4semestr\КГ\LAB3\KG_LAB3\KGlab\Decomposition.cpp(1,1): warning C4828: Файл содержит знак, начинающийся со смещения 0x1930, который является недопустимым в текущей исходной кодировке (кодовая страница 65001).
D:\STANKIN\4semestr\КГ\LAB3\KG_LAB3\KGlab\Decomposition.cpp(1,1): warning C4828: Файл содержит знак, начинающийся со смещения 0x1933, который является недопустимым в текущей исходной кодировке (кодовая страница 65001).
D:\STANKIN\4semestr\КГ\LAB3\KG_LAB3\KGlab\Decomposition.cpp(1,1): warning C4828: Файл содержит знак, начинающийся со смещения 0x1937, который является недопустимым в текущей исходной кодировке (кодовая страница 65001).
D:\STANKIN\4semestr\КГ\LAB3\KG_LAB3\KGlab\Decomposition.cpp(1,1): warning C4828: Файл содержит знак, начинающийся со смещения 0x193a, который является недопустимым в текущей исходной кодировке (кодовая страница 65001).
D:\STANKIN\4semestr\КГ\LAB3\KG_LAB3\KGlab\Decomposition.cpp(1,1): warning C4828: Файл содержит знак, начинающийся со смещения 0x193d, который является недопустимым в текущей исходной кодировке (кодовая страница 65001).
D:\STANKIN\4semestr\КГ\LAB3\KG_LAB3\KGlab\Decomposition.cpp(1,1): warning C4828: Файл содержит знак, начинающийся со смещения 0x1940, который является недопустимым в текущей исходной кодировке (кодовая страница 65001).
D:\STANKIN\4semestr\КГ\LAB3\KG_LAB3\KGlab\Decomposition.cpp(1,1): warning C4828: Файл содержит знак, начинающийся со смещения 0x1943, который является недопустимым в текущей исходной кодировке (кодовая страница 65001).
D:\STANKIN\4semestr\КГ\LAB3\KG_LAB3\KGlab\Decomposition.cpp(1,1): warning C4828: Файл содержит знак, начинающийся со смещения 0x1946, который является недопустимым в текущей исходной кодировке (кодовая страница 65001).
D:\STANKIN\4semestr\КГ\LAB3\KG_LAB3\KGlab\Decomposition.cpp(1,1): warning C4828: Файл содержит знак, начинающийся со смещения 0x194b, который является недопустимым в текущей исходной кодировке (кодовая страница 65001).
D:\STANKIN\4semestr\КГ\LAB3\KG_LAB3\KGlab\Decomposition.cpp(1,1): warning C4828: Файл содержит знак, начинающийся со смещения 0x194e, который является недопустимым в текущей исходной кодировке (кодовая страница 65001).
D:\STANKIN\4semestr\КГ\LAB3\KG_LAB3\KGlab\Decomposition.cpp(1,1): warning C4828: Файл содержит знак, начинающийся со смещения 0x1951, который является недопустимым в текущей исходной кодировке (кодовая страница 65001).
D:\STANKIN\4semestr\КГ\LAB3\KG_LAB3\KGlab\Decomposition.cpp(1,1): warning C4828: Файл содержит знак, начинающийся со смещения 0x19b7, который является недопустимым в текущей исходной кодировке (кодовая страница 65001).
D:\STANKIN\4semestr\КГ\LAB3\KG_LAB3\KGlab\Decomposition.cpp(1,1): warning C4828: Файл содержит знак, начинающийся со смещения 0x19ba, который является недопустимым в текущей исходной кодировке (кодовая страница 65001).
D:\STANKIN\4semestr\КГ\LAB3\KG_LAB3\KGlab\Decomposition.cpp(1,1): warning C4828: Файл содержит знак, начинающийся со смещения 0x19bd, который является недопустимым в текущей исходной кодировке (кодовая страница 65001).
D:\STANKIN\4semestr\КГ\LAB3\KG_LAB3\KGlab\Decomposition.cpp(1,1): warning C4828: Файл содержит знак, начинающийся со смещения 0x19be, который является недопустимым в текущей исходной кодировке (кодовая страница 65001).
D:\STANKIN\4semestr\КГ\LAB3\KG_LAB3\KGlab\Decomposition.cpp(1,1): warning C4828: Файл содержит знак, начинающийся со смещения 0x19c1, который является недопустимым в текущей исходной кодировке (кодовая страница 65001).
D:\STANKIN\4semestr\КГ\LAB3\KG_LAB3\KGlab\Decomposition.cpp(1,1): warning C4828: Файл содержит знак, начинающийся со смещения 0x19c5, который является недопустимым в текущей исходной кодировке (кодовая страница 65001).
D:\STANKIN\4semestr\КГ\LAB3\KG_LAB3\KGlab\Decomposition.cpp(1,1): warning C4828: Файл содержит знак, начинающийся со смещения 0x19c9, который является недопустимым в текущей исходной кодировке (кодовая страница 65001).
D:\STANKIN\4semestr\КГ\LAB3\KG_LAB3\KGlab\Decomposition.cpp(1,1): warning C4828: Файл содержит знак, начинающийся со смещения 0x19cc, который является недопустимым в текущей исходной кодировке (кодовая страница 65001).
D:\STANKIN\4semestr\КГ\LAB3\KG_LAB3\KGlab\Decomposition.cpp(1,1): warning C4828: Файл содержит знак, начинающийся со смещения 0x1a9d, который является недопустимым в текущей исходной кодировке (кодовая страница 65001).
D:\STANKIN\4semestr\КГ\LAB3\KG_LAB3\KGlab\Decomposition.cpp(1,1): warning C4828: Файл содержит знак, начинающийся со смещения 0x1a9f, который является недопустимым в текущей исходной кодировке (кодовая страница 65001).
D:\STANKIN\4semestr\КГ\LAB3\KG_LAB3\KGlab\Decomposition.cpp(1,1): warning C4828: Файл содержит знак, начинающийся со смещения 0x1aa3, который является недопустимым в текущей исходной кодировке (кодовая страница 65001).
D:\STANKIN\4semestr\КГ\LAB3\KG_LAB3\KGlab\Decomposition.cpp(1,1): warning C4828: Файл содержит знак, начинающийся со смещения 0x1aa6, который является недопустимым в текущей исходной кодировке (кодовая страница 65001).
D:\STANKIN\4semestr\КГ\LAB3\KG_LAB3\KGlab\Decomposition.cpp(1,1): warning C4828: Файл содержит знак, начинающийся со смещения 0x1aa9, который является недопустимым в текущей исходной кодировке (кодовая страница 65001).
D:\STANKIN\4semestr\КГ\LAB3\KG_LAB3\KGlab\Decomposition.cpp(1,1): warning C4828: Файл содержит знак, начинающийся со смещения 0x1aac, который является недопустимым в текущей исходной кодировке (кодовая страница 65001).
D:\STANKIN\4semestr\КГ\LAB3\KG_LAB3\KGlab\Decomposition.cpp(1,1): warning C4828: Файл содержит знак, начинающийся со смещения 0x1aaf, который является недопустимым в текущей исходной кодировке (кодовая страница 65001).
D:\STANKIN\4semestr\КГ\LAB3\KG_LAB3\KGlab\Decomposition.cpp(1,1): warning C4828: Файл содержит знак, начинающийся со смещения 0x1b70, который является недопустимым в текущей исходной кодировке (кодовая страница 65001).
D:\STANKIN\4semestr\КГ\LAB3\KG_LAB3\KGlab\Decomposition.cpp(1,1): warning C4828: Файл содержит знак, начинающийся со смещения 0x1b72, который является недопустимым в текущей исходной кодировке (кодовая страница 65001).
D:\STANKIN\4semestr\КГ\LAB3\KG_LAB3\KGlab\Decomposition.cpp(1,1): warning C4828: Файл содержит знак, начинающийся со смещения 0x1b76, который является недопустимым в текущей исходной кодировке (кодовая страница 65001).
D:\STANKIN\4semestr\КГ\LAB3\KG_LAB3\KGlab\Decomposition.cpp(1,1): warning C4828: Файл содержит знак, начинающийся со смещения 0x1b77, который является недопустимым в текущей исходной кодировке (кодовая страница 65001).
D:\STANKIN\4semestr\КГ\LAB3\KG_LAB3\KGlab\Decomposition.cpp(1,1): warning C4828: Файл содержит знак, начинающийся со смещения 0x1b7a, который является недопустимым в текущей исходной кодировке (кодовая страница 65001).
D:\STANKIN\4semestr\КГ\LAB3\KG_LAB3\KGlab\Decomposition.cpp(1,1): warning C4828: Файл содержит знак, начинающийся со смещения 0x1b7d, который является недопустимым в текущей исходной кодировке (кодовая страница 65001).
D:\STANKIN\4semestr\КГ\LAB3\KG_LAB3\KGlab\Decomposition.cpp(1,1): warning C4828: Файл содержит знак, начинающийся со смещения 0x1b80, который является недопустимым в текущей исходной кодировке (кодовая страница 65001).
D:\STANKIN\4semestr\КГ\LAB3\KG_LAB3\KGlab\Decomposition.cpp(1,1): warning C4828: Файл содержит знак, начинающийся со смещения 0x1b83, который является недопустимым в текущей исходной кодировке (кодовая страница 65001).
D:\STANKIN\4semestr\КГ\LAB3\KG_LAB3\KGlab\Decomposition.cpp(1,1): warning C4828: Файл содержит знак, начинающийся со смещения 0x1b86, который является недопустимым в текущей исходной кодировке (кодовая страница 65001).
D:\STANKIN\4semestr\КГ\LAB3\KG_LAB3\KGlab\Decomposition.cpp(1,1): warning C4828: Файл содержит знак, начинающийся со смещения 0x1b89, который является недопустимым в текущей исходной кодировке (кодовая страница 65001).
D:\STANKIN\4semestr\КГ\LAB3\KG_LAB3\KGlab\Decomposition.cpp(1,1): warning C4828: Файл содержит знак, начинающийся со смещения 0x1b8d, который является недопустимым в текущей исходной кодировке (кодовая страница 65001).
D:\STANKIN\4semestr\КГ\LAB3\KG_LAB3\KGlab\Decomposition.cpp(1,1): warning C4828: Файл содержит знак, начинающийся со смещения 0x1b90, который является недопустимым в текущей исходной кодировке (кодовая страница 65001).
D:\STANKIN\4semestr\КГ\LAB3\KG_LAB3\KGlab\Decomposition.cpp(1,1): warning C4828: Файл содержит знак, начинающийся со смещения 0x1b93, который является недопустимым в текущей исходной кодировке (кодовая страница 65001).
D:\STANKIN\4semestr\КГ\LAB3\KG_LAB3\KGlab\Decomposition.cpp(1,1): warning C4828: Файл содержит знак, начинающийся со смещения 0x1b96, который является недопустимым в текущей исходной кодировке (кодовая страница 65001).
D:\STANKIN\4semestr\КГ\LAB3\KG_LAB3\KGlab\Decomposition.cpp(1,1): warning C4828: Файл содержит знак, начинающийся со смещения 0x1be2, который является недопустимым в текущей исходной кодировке (кодовая страница 65001).
D:\STANKIN\4semestr\КГ\LAB3\KG_LAB3\KGlab\Decomposition.cpp(1,1): warning C4828: Файл содержит знак, начинающийся со смещения 0x1be4, который является недопустимым в текущей исходной кодировке (кодовая страница 65001).
D:\STANKIN\4semestr\КГ\LAB3\KG_LAB3\KGlab\Decomposition.cpp(1,1): warning C4828: Файл содержит знак, начинающийся со смещения 0x1be8, который является недопустимым в текущей исходной кодировке (кодовая страница 65001).
D:\STANKIN\4semestr\КГ\LAB3\KG_LAB3\KGlab\Decomposition.cpp(1,1): warning C4828: Файл содержит знак, начинающийся со смещения 0x1be9, который является недопустимым в текущей исходной кодировке (кодовая страница 65001).
D:\STANKIN\4semestr\КГ\LAB3\KG_LAB3\KGlab\Decomposition.cpp(1,1): warning C4828: Файл содержит знак, начинающийся со смещения 0x1bec, который является недопустимым в текущей исходной кодировке (кодовая страница 65001).
D:\STANKIN\4semestr\КГ\LAB3\KG_LAB3\KGlab\Decomposition.cpp(1,1): warning C4828: Файл содержит знак, начинающийся со смещения 0x1bef, который является недопустимым в текущей исходной кодировке (кодовая страница 65001).
D:\STANKIN\4semestr\КГ\LAB3\KG_LAB3\KGlab\Decomposition.cpp(1,1): warning C4828: Файл содержит знак, начинающийся со смещения 0x1bf2, который является недопустимым в текущей исходной кодировке (кодовая страница 65001).
D:\STANKIN\4semestr\КГ\LAB3\KG_LAB3\KGlab\Decomposition.cpp(1,1): warning C4828: Файл содержит знак, начинающийся со смещения 0x1c52, который является недопустимым в текущей исходной кодировке (кодовая страница 65001).
D:\STANKIN\4semestr\КГ\LAB3\KG_LAB3\KGlab\Decomposition.cpp(1,1): warning C4828: Файл содержит знак, начинающийся со смещения 0x1c54, который является недопустимым в текущей исходной кодировке (кодовая страница 65001).
D:\STANKIN\4semestr\КГ\LAB3\KG_LAB3\KGlab\Decomposition.cpp(1,1): warning C4828: Файл содержит знак, начинающийся со смещения 0x1c58, который является недопустимым в текущей исходной кодировке (кодовая страница 65001).
D:\STANKIN\4semestr\КГ\LAB3\KG_LAB3\KGlab\Decomposition.cpp(1,1): warning C4828: Файл содержит знак, начинающийся со смещения 0x1c5b, который является недопустимым в текущей исходной кодировке (кодовая страница 65001).
D:\STANKIN\4semestr\КГ\LAB3\KG_LAB3\KGlab\Decomposition.cpp(1,1): warning C4828: Файл содержит знак, начинающийся со смещения 0x1c5e, который является недопустимым в текущей исходной кодировке (кодовая страница 65001).
D:\STANKIN\4semestr\КГ\LAB3\KG_LAB3\KGlab\Decomposition.cpp(1,1): warning C4828: Файл содержит знак, начинающийся со смещения 0x1c62, который является недопустимым в текущей исходной кодировке (кодовая страница 65001).
D:\STANKIN\4semestr\КГ\LAB3\KG_LAB3\KGlab\Decomposition.cpp(1,1): warning C4828: Файл содержит знак, начинающийся со смещения 0x1c65, который является недопустимым в текущей исходной кодировке (кодовая страница 65001).
D:\STANKIN\4semestr\КГ\LAB3\KG_LAB3\KGlab\Decomposition.cpp(1,1): warning C4828: Файл содержит знак, начинающийся со смещения 0x1c68, который является недопустимым в текущей исходной кодировке (кодовая страница 65001).
D:\STANKIN\4semestr\КГ\LAB3\KG_LAB3\KGlab\Decomposition.cpp(1,1): warning C4828: Файл содержит знак, начинающийся со смещения 0x1c6a, который является недопустимым в текущей исходной кодировке (кодовая страница 65001).
D:\STANKIN\4semestr\КГ\LAB3\KG_LAB3\KGlab\Decomposition.cpp(1,1): warning C4828: Файл содержит знак, начинающийся со смещения 0x1c6d, который является недопустимым в текущей исходной кодировке (кодовая страница 65001).
D:\STANKIN\4semestr\КГ\LAB3\KG_LAB3\KGlab\Decomposition.cpp(1,1): warning C4828: Файл содержит знак, начинающийся со смещения 0x1c70, который является недопустимым в текущей исходной кодировке (кодовая страница 65001).
D:\STANKIN\4semestr\КГ\LAB3\KG_LAB3\KGlab\Decomposition.cpp(1,1): warning C4828: Файл содержит знак, начинающийся со смещения 0x1d41, который является недопустимым в текущей исходной кодировке (кодовая страница 65001).
D:\STANKIN\4semestr\КГ\LAB3\KG_LAB3\KGlab\Decomposition.cpp(1,1): warning C4828: Файл содержит знак, начинающийся со смещения 0x1d43, который является недопустимым в текущей исходной кодировке (кодовая страница 65001).
D:\STANKIN\4semestr\КГ\LAB3\KG_LAB3\KGlab\Decomposition.cpp(1,1): warning C4828: Файл содержит знак, начинающийся со смещения 0x1d47, который является недопустимым в текущей исходной кодировке (кодовая страница 65001).
D:\STANKIN\4semestr\КГ\LAB3\KG_LAB3\KGlab\Decomposition.cpp(1,1): warning C4828: Файл содержит знак, начинающийся со смещения 0x1d48, который является недопустимым в текущей исходной кодировке (кодовая страница 65001).
D:\STANKIN\4semestr\КГ\LAB3\KG_LAB3\KGlab\Decomposition.cpp(1,1): warning C4828: Файл содержит знак, начинающийся со смещения 0x1d4b, который является недопустимым в текущей исходной кодировке (кодовая страница 65001).
D:\STANKIN\4semestr\КГ\LAB3\KG_LAB3\KGlab\Decomposition.cpp(1,1): warning C4828: Файл содержит знак, начинающийся со смещения 0x1d4f, который является недопустимым в текущей исходной кодировке (кодовая страница 65001).
D:\STANKIN\4semestr\КГ\LAB3\KG_LAB3\KGlab\Decomposition.cpp(1,1): warning C4828: Файл содержит знак, начинающийся со смещения 0x1d53, который является недопустимым в текущей исходной кодировке (кодовая страница 65001).
D:\STANKIN\4semestr\КГ\LAB3\KG_LAB3\KGlab\Decomposition.cpp(1,1): warning C4828: Файл содержит знак, начинающийся со смещения 0x1d57, который является недопустимым в текущей исходной кодировке (кодовая страница 65001).
D:\STANKIN\4semestr\КГ\LAB3\KG_LAB3\KGlab\Decomposition.cpp(1,1): warning C4828: Файл содержит знак, начинающийся со смещения 0x1d5b, который является недопустимым в текущей исходной кодировке (кодовая страница 65001).
D:\STANKIN\4semestr\КГ\LAB3\KG_LAB3\KGlab\Decomposition.cpp(1,1): warning C4828: Файл содержит знак, начинающийся со смещения 0x1d5e, который является недопустимым в текущей исходной кодировке (кодовая страница 65001).
D:\STANKIN\4semestr\КГ\LAB3\KG_LAB3\KGlab\Decomposition.cpp(1,1): warning C4828: Файл содержит знак, начинающийся со смещения 0x1de3, который является недопустимым в текущей исходной кодировке (кодовая страница 65001).
D:\STANKIN\4semestr\КГ\LAB3\KG_LAB3\KGlab\Decomposition.cpp(1,1): warning C4828: Файл содержит знак, начинающийся со смещения 0x1de5, который является недопустимым в текущей исходной кодировке (кодовая страница 65001).
D:\STANKIN\4semestr\КГ\LAB3\KG_LAB3\KGlab\Decomposition.cpp(1,1): warning C4828: Файл содержит знак, начинающийся со смещения 0x1de8, который является недопустимым в текущей исходной кодировке (кодовая страница 65001).
D:\STANKIN\4semestr\КГ\LAB3\KG_LAB3\KGlab\Decomposition.cpp(1,1): warning C4828: Файл содержит знак, начинающийся со смещения 0x1dec, который является недопустимым в текущей исходной кодировке (кодовая страница 65001).
D:\STANKIN\4semestr\КГ\LAB3\KG_LAB3\KGlab\Decomposition.cpp(1,1): warning C4828: Файл содержит знак, начинающийся со смещения 0x1df0, который является недопустимым в текущей исходной кодировке (кодовая страница 65001).
D:\STANKIN\4semestr\КГ\LAB3\KG_LAB3\KGlab\Decomposition.cpp(1,1): warning C4828: Файл содержит знак, начинающийся со смещения 0x1df3, который является недопустимым в текущей исходной кодировке (кодовая страница 65001).
D:\STANKIN\4semestr\КГ\LAB3\KG_LAB3\KGlab\Decomposition.cpp(1,1): warning C4828: Файл содержит знак, начинающийся со смещения 0x1df6, который является недопустимым в текущей исходной кодировке (кодовая страница 65001).
D:\STANKIN\4semestr\КГ\LAB3\KG_LAB3\KGlab\Decomposition.cpp(1,1): warning C4828: Файл содержит знак, начинающийся со смещения 0x1e4d, который является недопустимым в текущей исходной кодировке (кодовая страница 65001).
D:\STANKIN\4semestr\КГ\LAB3\KG_LAB3\KGlab\Decomposition.cpp(1,1): warning C4828: Файл содержит знак, начинающийся со смещения 0x1e4f, который является недопустимым в текущей исходной кодировке (кодовая страница 65001).
D:\STANKIN\4semestr\КГ\LAB3\KG_LAB3\KGlab\Decomposition.cpp(1,1): warning C4828: Файл содержит знак, начинающийся со смещения 0x1e54, который является недопустимым в текущей исходной кодировке (кодовая страница 65001).
D:\STANKIN\4semestr\КГ\LAB3\KG_LAB3\KGlab\Decomposition.cpp(1,1): warning C4828: Файл содержит знак, начинающийся со смещения 0x1e57, который является недопустимым в текущей исходной кодировке (кодовая страница 65001).
D:\STANKIN\4semestr\КГ\LAB3\KG_LAB3\KGlab\Decomposition.cpp(1,1): warning C4828: Файл содержит знак, начинающийся со смещения 0x1e5b, который является недопустимым в текущей исходной кодировке (кодовая страница 65001).
D:\STANKIN\4semestr\КГ\LAB3\KG_LAB3\KGlab\Decomposition.cpp(1,1): warning C4828: Файл содержит знак, начинающийся со смещения 0x1e5e, который является недопустимым в текущей исходной кодировке (кодовая страница 65001).
D:\STANKIN\4semestr\КГ\LAB3\KG_LAB3\KGlab\Decomposition.cpp(1,1): warning C4828: Файл содержит знак, начинающийся со смещения 0x1e61, который является недопустимым в текущей исходной кодировке (кодовая страница 65001).
  GUItextRectangle.cpp
  Light.cpp
D:\STANKIN\4semestr\КГ\LAB3\KG_LAB3\KGlab\Light.cpp(151,21): warning C4305: инициализация: усечение из "double" в "GLfloat"
D:\STANKIN\4semestr\КГ\LAB3\KG_LAB3\KGlab\Light.cpp(151,26): warning C4305: инициализация: усечение из "double" в "GLfloat"
D:\STANKIN\4semestr\КГ\LAB3\KG_LAB3\KGlab\Light.cpp(151,31): warning C4305: инициализация: усечение из "double" в "GLfloat"
D:\STANKIN\4semestr\КГ\LAB3\KG_LAB3\KGlab\Light.cpp(153,21): warning C4305: инициализация: усечение из "double" в "GLfloat"
D:\STANKIN\4semestr\КГ\LAB3\KG_LAB3\KGlab\Light.cpp(153,26): warning C4305: инициализация: усечение из "double" в "GLfloat"
D:\STANKIN\4semestr\КГ\LAB3\KG_LAB3\KGlab\Light.cpp(153,31): warning C4305: инициализация: усечение из "double" в "GLfloat"
D:\STANKIN\4semestr\КГ\LAB3\KG_LAB3\KGlab\Light.cpp(157,26): warning C4838: Преобразование из "double" в "GLfloat" требует сужающего преобразования.
D:\STANKIN\4semestr\КГ\LAB3\KG_LAB3\KGlab\Light.cpp(157,26): warning C4244: инициализация: преобразование "double" в "GLfloat", возможна потеря данных
D:\STANKIN\4semestr\КГ\LAB3\KG_LAB3\KGlab\Light.cpp(157,32): warning C4838: Преобразование из "double" в "GLfloat" требует сужающего преобразования.
D:\STANKIN\4semestr\КГ\LAB3\KG_LAB3\KGlab\Light.cpp(157,32): warning C4244: инициализация: преобразование "double" в "GLfloat", возможна потеря данных
D:\STANKIN\4semestr\КГ\LAB3\KG_LAB3\KGlab\Light.cpp(157,38): warning C4838: Преобразование из "double" в "GLfloat" требует сужающего преобразования.
D:\STANKIN\4semestr\КГ\LAB3\KG_LAB3\KGlab\Light.cpp(157,38): warning C4244: инициализация: преобразование "double" в "GLfloat", возможна потеря данных
  main.cpp
  MyOGL.cpp
D:\STANKIN\4semestr\КГ\LAB3\KG_LAB3\KGlab\MyOGL.cpp(153,16): warning C4244: аргумент: преобразование "WPARAM" в "int", возможна потеря данных
D:\STANKIN\4semestr\КГ\LAB3\KG_LAB3\KGlab\MyOGL.cpp(156,18): warning C4244: аргумент: преобразование "WPARAM" в "int", возможна потеря данных
  Render.cpp
D:\STANKIN\4semestr\КГ\LAB3\KG_LAB3\KGlab\Render.cpp(207,19): warning C4305: инициализация: усечение из "double" в "float"
D:\STANKIN\4semestr\КГ\LAB3\KG_LAB3\KGlab\Render.cpp(207,24): warning C4305: инициализация: усечение из "double" в "float"
D:\STANKIN\4semestr\КГ\LAB3\KG_LAB3\KGlab\Render.cpp(207,29): warning C4305: инициализация: усечение из "double" в "float"
D:\STANKIN\4semestr\КГ\LAB3\KG_LAB3\KGlab\Render.cpp(208,18): warning C4305: инициализация: усечение из "double" в "float"
D:\STANKIN\4semestr\КГ\LAB3\KG_LAB3\KGlab\Render.cpp(208,23): warning C4305: инициализация: усечение из "double" в "float"
D:\STANKIN\4semestr\КГ\LAB3\KG_LAB3\KGlab\Render.cpp(209,19): warning C4305: инициализация: усечение из "double" в "float"
D:\STANKIN\4semestr\КГ\LAB3\KG_LAB3\KGlab\Render.cpp(209,24): warning C4305: инициализация: усечение из "double" в "float"
D:\STANKIN\4semestr\КГ\LAB3\KG_LAB3\KGlab\Render.cpp(209,29): warning C4305: инициализация: усечение из "double" в "float"
D:\STANKIN\4semestr\КГ\LAB3\KG_LAB3\KGlab\Render.cpp(260,28): warning C4244: +=: преобразование "double" в "float", возможна потеря данных
  Создание кода...
  KGlab.vcxproj -> D:\STANKIN\4semestr\КГ\LAB3\KG_LAB3\x64\Debug\KGlab.exe
