d:\stankin\4semestr\кг\lab3\kg_lab3\kglab\x64\debug\vc143.pdb
d:\stankin\4semestr\кг\lab3\kg_lab3\kglab\x64\debug\vc143.idb
d:\stankin\4semestr\кг\lab3\kg_lab3\kglab\x64\debug\render.obj
d:\stankin\4semestr\кг\lab3\kg_lab3\kglab\x64\debug\myogl.obj
d:\stankin\4semestr\кг\lab3\kg_lab3\kglab\x64\debug\main.obj
d:\stankin\4semestr\кг\lab3\kg_lab3\kglab\x64\debug\light.obj
d:\stankin\4semestr\кг\lab3\kg_lab3\kglab\x64\debug\guitextrectangle.obj
d:\stankin\4semestr\кг\lab3\kg_lab3\kglab\x64\debug\decomposition.obj
d:\stankin\4semestr\кг\lab3\kg_lab3\kglab\x64\debug\camera.obj
d:\stankin\4semestr\кг\lab3\kg_lab3\x64\debug\kglab.exe
d:\stankin\4semestr\кг\lab3\kg_lab3\x64\debug\kglab.pdb
d:\stankin\4semestr\кг\lab3\kg_lab3\kglab\x64\debug\kglab.ilk
d:\stankin\4semestr\кг\lab3\kg_lab3\kglab\x64\debug\prism.obj
d:\stankin\4semestr\кг\lab3\kg_lab3\kglab\x64\debug\kglab.tlog\cl.command.1.tlog
d:\stankin\4semestr\кг\lab3\kg_lab3\kglab\x64\debug\kglab.tlog\cl.items.tlog
d:\stankin\4semestr\кг\lab3\kg_lab3\kglab\x64\debug\kglab.tlog\cl.read.1.tlog
d:\stankin\4semestr\кг\lab3\kg_lab3\kglab\x64\debug\kglab.tlog\cl.write.1.tlog
d:\stankin\4semestr\кг\lab3\kg_lab3\kglab\x64\debug\kglab.tlog\link.command.1.tlog
d:\stankin\4semestr\кг\lab3\kg_lab3\kglab\x64\debug\kglab.tlog\link.read.1.tlog
d:\stankin\4semestr\кг\lab3\kg_lab3\kglab\x64\debug\kglab.tlog\link.secondary.1.tlog
d:\stankin\4semestr\кг\lab3\kg_lab3\kglab\x64\debug\kglab.tlog\link.write.1.tlog
